#
# There is insufficient memory for the Java Runtime Environment to continue.
# Native memory allocation (mmap) failed to map 713031680 bytes for G1 virtual space
# Possible reasons:
#   The system is out of physical RAM or swap space
#   The process is running with CompressedOops enabled, and the Java Heap may be blocking the growth of the native heap
# Possible solutions:
#   Reduce memory load on the system
#   Increase physical memory or swap space
#   Check if swap backing store is full
#   Decrease Java heap size (-Xmx/-Xms)
#   Decrease number of Java threads
#   Decrease Java thread stack sizes (-Xss)
#   Set larger code cache with -XX:ReservedCodeCacheSize=
#   JVM is running with Zero Based Compressed Oops mode in which the Java heap is
#     placed in the first 32GB address space. The Java Heap base address is the
#     maximum limit for the native heap growth. Please use -XX:HeapBaseMinAddress
#     to set the Java Heap base and to place the Java Heap above 32GB virtual address.
# This output file may be truncated or incomplete.
#
#  Out of Memory Error (os_windows.cpp:3528), pid=23156, tid=27744
#
# JRE version: OpenJDK Runtime Environment Temurin-20.0.2+9 (20.0.2+9) (build 20.0.2+9)
# Java VM: OpenJDK 64-Bit Server VM Temurin-20.0.2+9 (20.0.2+9, mixed mode, tiered, compressed oops, compressed class ptrs, g1 gc, windows-amd64)
# No core dump will be written. Minidumps are not enabled by default on client versions of Windows
#

---------------  S U M M A R Y ------------

Command Line: -Dfile.encoding=windows-1252 -Dstdout.encoding=windows-1252 -Dstderr.encoding=windows-1252 -XX:+ShowCodeDetailsInExceptionMessages TurtleDrawShapes

Host: 11th Gen Intel(R) Core(TM) i7-1165G7 @ 2.80GHz, 8 cores, 15G,  Windows 11 , 64 bit Build 22621 (10.0.22621.2428)
Time: Fri Nov  3 12:37:57 2023 Eastern Daylight Time elapsed time: 3.426534 seconds (0d 0h 0m 3s)

---------------  T H R E A D  ---------------

Current thread (0x00000277a8438a10):  VMThread "VM Thread" [stack: 0x000000931e600000,0x000000931e700000] [id=27744]

Stack: [0x000000931e600000,0x000000931e700000]
Native frames: (J=compiled Java code, j=interpreted, Vv=VM code, C=native code)
V  [jvm.dll+0x6c4a1a]
V  [jvm.dll+0x8a341c]
V  [jvm.dll+0x8a5025]
V  [jvm.dll+0x8a5723]
V  [jvm.dll+0x284aff]
V  [jvm.dll+0x6c1799]
V  [jvm.dll+0x6b627a]
V  [jvm.dll+0x360e2d]
V  [jvm.dll+0x368fa6]
V  [jvm.dll+0x3b9f0e]
V  [jvm.dll+0x3ba185]
V  [jvm.dll+0x33142a]
V  [jvm.dll+0x3314d7]
V  [jvm.dll+0x379aa2]
V  [jvm.dll+0x378251]
V  [jvm.dll+0x330b11]
V  [jvm.dll+0x377936]
V  [jvm.dll+0x8aacde]
V  [jvm.dll+0x8abdf1]
V  [jvm.dll+0x8ac2f9]
V  [jvm.dll+0x8ac563]
V  [jvm.dll+0x84f596]
V  [jvm.dll+0x6c367b]
C  [ucrtbase.dll+0x29363]
C  [KERNEL32.DLL+0x1257d]
C  [ntdll.dll+0x5aa78]

VM_Operation (0x000000931e0fef50): G1CollectForAllocation, mode: safepoint, requested by thread 0x00000277893495e0


---------------  P R O C E S S  ---------------

Threads class SMR info:
_java_thread_list=0x00000277a88d79b0, length=15, elements={
0x00000277893495e0, 0x00000277a847e430, 0x00000277a847f320, 0x00000277a84952b0,
0x00000277a8496c00, 0x00000277a8497630, 0x00000277a8482b00, 0x00000277a8487bf0,
0x00000277a84ab050, 0x00000277a862bed0, 0x00000277a862f0a0, 0x00000277a8745910,
0x00000277a8745e60, 0x00000277a8940700, 0x00000277a8a648a0
}

Java Threads: ( => current thread )
  0x00000277893495e0 JavaThread "main" [_thread_blocked, id=23704, stack(0x000000931e000000,0x000000931e100000)]
  0x00000277a847e430 JavaThread "Reference Handler" daemon [_thread_blocked, id=1040, stack(0x000000931e700000,0x000000931e800000)]
  0x00000277a847f320 JavaThread "Finalizer" daemon [_thread_blocked, id=19960, stack(0x000000931e800000,0x000000931e900000)]
  0x00000277a84952b0 JavaThread "Signal Dispatcher" daemon [_thread_blocked, id=23896, stack(0x000000931e900000,0x000000931ea00000)]
  0x00000277a8496c00 JavaThread "Attach Listener" daemon [_thread_blocked, id=21080, stack(0x000000931ea00000,0x000000931eb00000)]
  0x00000277a8497630 JavaThread "Service Thread" daemon [_thread_blocked, id=25180, stack(0x000000931eb00000,0x000000931ec00000)]
  0x00000277a8482b00 JavaThread "Monitor Deflation Thread" daemon [_thread_blocked, id=23084, stack(0x000000931ec00000,0x000000931ed00000)]
  0x00000277a8487bf0 JavaThread "C2 CompilerThread0" daemon [_thread_blocked, id=26252, stack(0x000000931ed00000,0x000000931ee00000)]
  0x00000277a84ab050 JavaThread "C1 CompilerThread0" daemon [_thread_blocked, id=23800, stack(0x000000931ee00000,0x000000931ef00000)]
  0x00000277a862bed0 JavaThread "Notification Thread" daemon [_thread_blocked, id=22100, stack(0x000000931ef00000,0x000000931f000000)]
  0x00000277a862f0a0 JavaThread "Common-Cleaner" daemon [_thread_blocked, id=8120, stack(0x000000931f100000,0x000000931f200000)]
  0x00000277a8745910 JavaThread "Java2D Disposer" daemon [_thread_blocked, id=24872, stack(0x000000931f200000,0x000000931f300000)]
  0x00000277a8745e60 JavaThread "AWT-Shutdown" [_thread_blocked, id=25492, stack(0x000000931f300000,0x000000931f400000)]
  0x00000277a8940700 JavaThread "AWT-Windows" daemon [_thread_in_native, id=25036, stack(0x000000931f400000,0x000000931f500000)]
  0x00000277a8a648a0 JavaThread "AWT-EventQueue-0" [_thread_blocked, id=23780, stack(0x000000931f600000,0x000000931f700000)]

Other Threads:
=>0x00000277a8438a10 VMThread "VM Thread" [stack: 0x000000931e600000,0x000000931e700000] [id=27744]
  0x00000277a862e830 WatcherThread "VM Periodic Task Thread" [stack: 0x000000931f000000,0x000000931f100000] [id=26356]
  0x00000277893b95f0 WorkerThread "GC Thread#0" [stack: 0x000000931e100000,0x000000931e200000] [id=14060]
  0x00000277a8b45330 WorkerThread "GC Thread#1" [stack: 0x000000931f700000,0x000000931f800000] [id=20672]
  0x00000277a8b63210 WorkerThread "GC Thread#2" [stack: 0x000000931f800000,0x000000931f900000] [id=13732]
  0x00000277a8b634e0 WorkerThread "GC Thread#3" [stack: 0x000000931f900000,0x000000931fa00000] [id=23968]
  0x00000277a8b5f6b0 WorkerThread "GC Thread#4" [stack: 0x000000931fa00000,0x000000931fb00000] [id=6700]
  0x00000277a8b5f980 WorkerThread "GC Thread#5" [stack: 0x000000931fb00000,0x000000931fc00000] [id=23500]
  0x00000277a8cc9830 WorkerThread "GC Thread#6" [stack: 0x000000931fc00000,0x000000931fd00000] [id=26828]
  0x00000277a8c3ba70 WorkerThread "GC Thread#7" [stack: 0x000000931fd00000,0x000000931fe00000] [id=22000]
  0x00000277893cba50 ConcurrentGCThread "G1 Main Marker" [stack: 0x000000931e200000,0x000000931e300000] [id=16888]
  0x00000277893cc480 WorkerThread "G1 Conc#0" [stack: 0x000000931e300000,0x000000931e400000] [id=14408]
  0x00000277a8c3cb50 WorkerThread "G1 Conc#1" [stack: 0x000000931f500000,0x000000931f600000] [id=21448]
  0x00000277a3958cb0 ConcurrentGCThread "G1 Refine#0" [stack: 0x000000931e400000,0x000000931e500000] [id=27228]
  0x00000277a3959750 ConcurrentGCThread "G1 Service" [stack: 0x000000931e500000,0x000000931e600000] [id=9352]

Threads with active compile tasks:

VM state: at safepoint (normal execution)

VM Mutex/Monitor currently owned by a thread:  ([mutex/lock_event])
[0x00000277893449c0] Threads_lock - owner thread: 0x00000277a8438a10
[0x00000277893453e0] Heap_lock - owner thread: 0x00000277893495e0

Heap address: 0x0000000704000000, size: 4032 MB, Compressed Oops mode: Zero based, Oop shift amount: 3

CDS archive(s) not mapped
Compressed class space mapped at: 0x0000000800000000-0x0000000840000000, reserved size: 1073741824
Narrow klass base: 0x0000000800000000, Narrow klass shift: 0, Narrow klass range: 0x40000000

GC Precious Log:
 CardTable entry size: 512
 Card Set container configuration: InlinePtr #cards 4 size 8 Array Of Cards #cards 16 size 48 Howl #buckets 8 coarsen threshold 3686 Howl Bitmap #cards 512 size 80 coarsen threshold 460 Card regions per heap region 1 cards per card region 4096
 CPUs: 8 total, 8 available
 Memory: 16126M
 Large Page Support: Disabled
 NUMA Support: Disabled
 Compressed Oops: Enabled (Zero based)
 Heap Region Size: 2M
 Heap Min Capacity: 8M
 Heap Initial Capacity: 252M
 Heap Max Capacity: 4032M
 Pre-touch: Disabled
 Parallel Workers: 8
 Concurrent Workers: 2
 Concurrent Refinement Workers: 8
 Periodic GC: Disabled

Heap:
 garbage-first heap   total 348160K, used 321519K [0x0000000704000000, 0x0000000800000000)
  region size 2048K, 2 young (4096K), 2 survivors (4096K)
 Metaspace       used 13150K, committed 13376K, reserved 1114112K
  class space    used 1233K, committed 1344K, reserved 1048576K

Heap Regions: E=young(eden), S=young(survivor), O=old, HS=humongous(starts), HC=humongous(continues), CS=collection set, F=free, OA=open archive, CA=closed archive, TAMS=top-at-mark-start, PB=parsable bottom
|   0|0x0000000704000000, 0x0000000704200000, 0x0000000704200000|100%| O|  |TAMS 0x0000000704200000| PB 0x0000000704000000| Untracked 
|   1|0x0000000704200000, 0x0000000704400000, 0x0000000704400000|100%| O|  |TAMS 0x0000000704400000| PB 0x0000000704200000| Untracked 
|   2|0x0000000704400000, 0x0000000704600000, 0x0000000704600000|100%| O|  |TAMS 0x0000000704600000| PB 0x0000000704400000| Untracked 
|   3|0x0000000704600000, 0x0000000704800000, 0x0000000704800000|100%| O|  |TAMS 0x0000000704800000| PB 0x0000000704600000| Untracked 
|   4|0x0000000704800000, 0x0000000704a00000, 0x0000000704a00000|100%| O|  |TAMS 0x0000000704a00000| PB 0x0000000704800000| Untracked 
|   5|0x0000000704a00000, 0x0000000704c00000, 0x0000000704c00000|100%| O|  |TAMS 0x0000000704c00000| PB 0x0000000704a00000| Untracked 
|   6|0x0000000704c00000, 0x0000000704e00000, 0x0000000704e00000|100%| O|  |TAMS 0x0000000704e00000| PB 0x0000000704c00000| Untracked 
|   7|0x0000000704e00000, 0x0000000705000000, 0x0000000705000000|100%| O|  |TAMS 0x0000000705000000| PB 0x0000000704e00000| Untracked 
|   8|0x0000000705000000, 0x0000000705200000, 0x0000000705200000|100%| O|  |TAMS 0x0000000705200000| PB 0x0000000705000000| Untracked 
|   9|0x0000000705200000, 0x0000000705400000, 0x0000000705400000|100%| O|  |TAMS 0x0000000705400000| PB 0x0000000705200000| Untracked 
|  10|0x0000000705400000, 0x0000000705600000, 0x0000000705600000|100%| O|  |TAMS 0x0000000705600000| PB 0x0000000705400000| Untracked 
|  11|0x0000000705600000, 0x0000000705800000, 0x0000000705800000|100%| O|  |TAMS 0x0000000705800000| PB 0x0000000705600000| Untracked 
|  12|0x0000000705800000, 0x0000000705a00000, 0x0000000705a00000|100%| O|  |TAMS 0x0000000705a00000| PB 0x0000000705800000| Untracked 
|  13|0x0000000705a00000, 0x0000000705c00000, 0x0000000705c00000|100%| O|  |TAMS 0x0000000705c00000| PB 0x0000000705a00000| Untracked 
|  14|0x0000000705c00000, 0x0000000705e00000, 0x0000000705e00000|100%| O|  |TAMS 0x0000000705e00000| PB 0x0000000705c00000| Untracked 
|  15|0x0000000705e00000, 0x0000000706000000, 0x0000000706000000|100%| O|  |TAMS 0x0000000706000000| PB 0x0000000705e00000| Untracked 
|  16|0x0000000706000000, 0x0000000706200000, 0x0000000706200000|100%| O|  |TAMS 0x0000000706200000| PB 0x0000000706000000| Untracked 
|  17|0x0000000706200000, 0x0000000706400000, 0x0000000706400000|100%| O|  |TAMS 0x0000000706400000| PB 0x0000000706200000| Untracked 
|  18|0x0000000706400000, 0x0000000706600000, 0x0000000706600000|100%| O|  |TAMS 0x0000000706600000| PB 0x0000000706400000| Untracked 
|  19|0x0000000706600000, 0x0000000706800000, 0x0000000706800000|100%| O|  |TAMS 0x0000000706800000| PB 0x0000000706600000| Untracked 
|  20|0x0000000706800000, 0x0000000706a00000, 0x0000000706a00000|100%| O|  |TAMS 0x0000000706a00000| PB 0x0000000706800000| Untracked 
|  21|0x0000000706a00000, 0x0000000706c00000, 0x0000000706c00000|100%| O|  |TAMS 0x0000000706c00000| PB 0x0000000706a00000| Untracked 
|  22|0x0000000706c00000, 0x0000000706e00000, 0x0000000706e00000|100%| O|  |TAMS 0x0000000706e00000| PB 0x0000000706c00000| Untracked 
|  23|0x0000000706e00000, 0x0000000707000000, 0x0000000707000000|100%| O|  |TAMS 0x0000000707000000| PB 0x0000000706e00000| Untracked 
|  24|0x0000000707000000, 0x0000000707200000, 0x0000000707200000|100%| O|  |TAMS 0x0000000707200000| PB 0x0000000707000000| Untracked 
|  25|0x0000000707200000, 0x0000000707400000, 0x0000000707400000|100%| O|  |TAMS 0x0000000707400000| PB 0x0000000707200000| Untracked 
|  26|0x0000000707400000, 0x0000000707600000, 0x0000000707600000|100%| O|  |TAMS 0x0000000707600000| PB 0x0000000707400000| Untracked 
|  27|0x0000000707600000, 0x0000000707800000, 0x0000000707800000|100%| O|  |TAMS 0x0000000707800000| PB 0x0000000707600000| Untracked 
|  28|0x0000000707800000, 0x0000000707a00000, 0x0000000707a00000|100%| O|  |TAMS 0x0000000707a00000| PB 0x0000000707800000| Untracked 
|  29|0x0000000707a00000, 0x0000000707c00000, 0x0000000707c00000|100%| O|  |TAMS 0x0000000707c00000| PB 0x0000000707a00000| Untracked 
|  30|0x0000000707c00000, 0x0000000707e00000, 0x0000000707e00000|100%| O|  |TAMS 0x0000000707e00000| PB 0x0000000707c00000| Untracked 
|  31|0x0000000707e00000, 0x0000000708000000, 0x0000000708000000|100%| O|  |TAMS 0x0000000708000000| PB 0x0000000707e00000| Untracked 
|  32|0x0000000708000000, 0x0000000708200000, 0x0000000708200000|100%| O|  |TAMS 0x0000000708200000| PB 0x0000000708000000| Untracked 
|  33|0x0000000708200000, 0x0000000708400000, 0x0000000708400000|100%| O|  |TAMS 0x0000000708400000| PB 0x0000000708200000| Untracked 
|  34|0x0000000708400000, 0x0000000708600000, 0x0000000708600000|100%| O|  |TAMS 0x0000000708600000| PB 0x0000000708400000| Untracked 
|  35|0x0000000708600000, 0x0000000708800000, 0x0000000708800000|100%| O|  |TAMS 0x0000000708800000| PB 0x0000000708600000| Untracked 
|  36|0x0000000708800000, 0x0000000708a00000, 0x0000000708a00000|100%| O|  |TAMS 0x0000000708a00000| PB 0x0000000708800000| Untracked 
|  37|0x0000000708a00000, 0x0000000708c00000, 0x0000000708c00000|100%| O|  |TAMS 0x0000000708c00000| PB 0x0000000708a00000| Untracked 
|  38|0x0000000708c00000, 0x0000000708e00000, 0x0000000708e00000|100%| O|  |TAMS 0x0000000708e00000| PB 0x0000000708c00000| Untracked 
|  39|0x0000000708e00000, 0x0000000709000000, 0x0000000709000000|100%| O|  |TAMS 0x0000000709000000| PB 0x0000000708e00000| Untracked 
|  40|0x0000000709000000, 0x0000000709200000, 0x0000000709200000|100%| O|  |TAMS 0x0000000709200000| PB 0x0000000709000000| Untracked 
|  41|0x0000000709200000, 0x0000000709400000, 0x0000000709400000|100%| O|  |TAMS 0x0000000709400000| PB 0x0000000709200000| Untracked 
|  42|0x0000000709400000, 0x0000000709600000, 0x0000000709600000|100%| O|  |TAMS 0x0000000709600000| PB 0x0000000709400000| Untracked 
|  43|0x0000000709600000, 0x0000000709800000, 0x0000000709800000|100%| O|  |TAMS 0x0000000709800000| PB 0x0000000709600000| Untracked 
|  44|0x0000000709800000, 0x0000000709a00000, 0x0000000709a00000|100%| O|  |TAMS 0x0000000709a00000| PB 0x0000000709800000| Untracked 
|  45|0x0000000709a00000, 0x0000000709c00000, 0x0000000709c00000|100%|HS|  |TAMS 0x0000000709c00000| PB 0x0000000709a00000| Complete 
|  46|0x0000000709c00000, 0x0000000709e00000, 0x0000000709e00000|100%|HC|  |TAMS 0x0000000709e00000| PB 0x0000000709c00000| Complete 
|  47|0x0000000709e00000, 0x000000070a000000, 0x000000070a000000|100%|HC|  |TAMS 0x000000070a000000| PB 0x0000000709e00000| Complete 
|  48|0x000000070a000000, 0x000000070a200000, 0x000000070a200000|100%|HC|  |TAMS 0x000000070a200000| PB 0x000000070a000000| Complete 
|  49|0x000000070a200000, 0x000000070a400000, 0x000000070a400000|100%|HC|  |TAMS 0x000000070a400000| PB 0x000000070a200000| Complete 
|  50|0x000000070a400000, 0x000000070a600000, 0x000000070a600000|100%|HC|  |TAMS 0x000000070a600000| PB 0x000000070a400000| Complete 
|  51|0x000000070a600000, 0x000000070a800000, 0x000000070a800000|100%| O|  |TAMS 0x000000070a800000| PB 0x000000070a600000| Untracked 
|  52|0x000000070a800000, 0x000000070aa00000, 0x000000070aa00000|100%| O|  |TAMS 0x000000070aa00000| PB 0x000000070a800000| Untracked 
|  53|0x000000070aa00000, 0x000000070ac00000, 0x000000070ac00000|100%| O|  |TAMS 0x000000070ac00000| PB 0x000000070aa00000| Untracked 
|  54|0x000000070ac00000, 0x000000070ae00000, 0x000000070ae00000|100%| O|  |TAMS 0x000000070ae00000| PB 0x000000070ac00000| Untracked 
|  55|0x000000070ae00000, 0x000000070b000000, 0x000000070b000000|100%| O|  |TAMS 0x000000070b000000| PB 0x000000070ae00000| Untracked 
|  56|0x000000070b000000, 0x000000070b200000, 0x000000070b200000|100%| O|  |TAMS 0x000000070b200000| PB 0x000000070b000000| Untracked 
|  57|0x000000070b200000, 0x000000070b400000, 0x000000070b400000|100%| O|  |TAMS 0x000000070b400000| PB 0x000000070b200000| Untracked 
|  58|0x000000070b400000, 0x000000070b600000, 0x000000070b600000|100%| O|  |TAMS 0x000000070b600000| PB 0x000000070b400000| Untracked 
|  59|0x000000070b600000, 0x000000070b800000, 0x000000070b800000|100%| O|  |TAMS 0x000000070b800000| PB 0x000000070b600000| Untracked 
|  60|0x000000070b800000, 0x000000070ba00000, 0x000000070ba00000|100%| O|  |TAMS 0x000000070ba00000| PB 0x000000070b800000| Untracked 
|  61|0x000000070ba00000, 0x000000070bc00000, 0x000000070bc00000|100%| O|  |TAMS 0x000000070bc00000| PB 0x000000070ba00000| Untracked 
|  62|0x000000070bc00000, 0x000000070be00000, 0x000000070be00000|100%| O|  |TAMS 0x000000070be00000| PB 0x000000070bc00000| Untracked 
|  63|0x000000070be00000, 0x000000070c000000, 0x000000070c000000|100%| O|  |TAMS 0x000000070c000000| PB 0x000000070be00000| Untracked 
|  64|0x000000070c000000, 0x000000070c200000, 0x000000070c200000|100%| O|  |TAMS 0x000000070c200000| PB 0x000000070c000000| Untracked 
|  65|0x000000070c200000, 0x000000070c400000, 0x000000070c400000|100%| O|  |TAMS 0x000000070c400000| PB 0x000000070c200000| Untracked 
|  66|0x000000070c400000, 0x000000070c600000, 0x000000070c600000|100%| O|  |TAMS 0x000000070c600000| PB 0x000000070c400000| Untracked 
|  67|0x000000070c600000, 0x000000070c800000, 0x000000070c800000|100%| O|  |TAMS 0x000000070c800000| PB 0x000000070c600000| Untracked 
|  68|0x000000070c800000, 0x000000070ca00000, 0x000000070ca00000|100%| O|  |TAMS 0x000000070ca00000| PB 0x000000070c800000| Untracked 
|  69|0x000000070ca00000, 0x000000070cc00000, 0x000000070cc00000|100%| O|  |TAMS 0x000000070cc00000| PB 0x000000070ca00000| Untracked 
|  70|0x000000070cc00000, 0x000000070ce00000, 0x000000070ce00000|100%| O|  |TAMS 0x000000070ce00000| PB 0x000000070cc00000| Untracked 
|  71|0x000000070ce00000, 0x000000070d000000, 0x000000070d000000|100%| O|  |TAMS 0x000000070d000000| PB 0x000000070ce00000| Untracked 
|  72|0x000000070d000000, 0x000000070d200000, 0x000000070d200000|100%| O|  |TAMS 0x000000070d200000| PB 0x000000070d000000| Untracked 
|  73|0x000000070d200000, 0x000000070d400000, 0x000000070d400000|100%| O|  |TAMS 0x000000070d400000| PB 0x000000070d200000| Untracked 
|  74|0x000000070d400000, 0x000000070d600000, 0x000000070d600000|100%| O|  |TAMS 0x000000070d600000| PB 0x000000070d400000| Untracked 
|  75|0x000000070d600000, 0x000000070d800000, 0x000000070d800000|100%| O|  |TAMS 0x000000070d800000| PB 0x000000070d600000| Untracked 
|  76|0x000000070d800000, 0x000000070da00000, 0x000000070da00000|100%| O|  |TAMS 0x000000070da00000| PB 0x000000070d800000| Untracked 
|  77|0x000000070da00000, 0x000000070dc00000, 0x000000070dc00000|100%| O|  |TAMS 0x000000070dc00000| PB 0x000000070da00000| Untracked 
|  78|0x000000070dc00000, 0x000000070de00000, 0x000000070de00000|100%| O|  |TAMS 0x000000070de00000| PB 0x000000070dc00000| Untracked 
|  79|0x000000070de00000, 0x000000070e000000, 0x000000070e000000|100%| O|  |TAMS 0x000000070e000000| PB 0x000000070de00000| Untracked 
|  80|0x000000070e000000, 0x000000070e200000, 0x000000070e200000|100%| O|  |TAMS 0x000000070e200000| PB 0x000000070e000000| Untracked 
|  81|0x000000070e200000, 0x000000070e400000, 0x000000070e400000|100%| O|  |TAMS 0x000000070e400000| PB 0x000000070e200000| Untracked 
|  82|0x000000070e400000, 0x000000070e600000, 0x000000070e600000|100%| O|  |TAMS 0x000000070e600000| PB 0x000000070e400000| Untracked 
|  83|0x000000070e600000, 0x000000070e800000, 0x000000070e800000|100%| O|  |TAMS 0x000000070e600000| PB 0x000000070e600000| Untracked 
|  84|0x000000070e800000, 0x000000070ea00000, 0x000000070ea00000|100%| O|  |TAMS 0x000000070ea00000| PB 0x000000070e800000| Untracked 
|  85|0x000000070ea00000, 0x000000070ec00000, 0x000000070ec00000|100%| O|  |TAMS 0x000000070ec00000| PB 0x000000070ea00000| Untracked 
|  86|0x000000070ec00000, 0x000000070ee00000, 0x000000070ee00000|100%| O|  |TAMS 0x000000070ee00000| PB 0x000000070ec00000| Untracked 
|  87|0x000000070ee00000, 0x000000070f000000, 0x000000070f000000|100%| O|  |TAMS 0x000000070f000000| PB 0x000000070ee00000| Untracked 
|  88|0x000000070f000000, 0x000000070f200000, 0x000000070f200000|100%| O|  |TAMS 0x000000070f200000| PB 0x000000070f000000| Untracked 
|  89|0x000000070f200000, 0x000000070f400000, 0x000000070f400000|100%| O|  |TAMS 0x000000070f400000| PB 0x000000070f200000| Untracked 
|  90|0x000000070f400000, 0x000000070f600000, 0x000000070f600000|100%| O|  |TAMS 0x000000070f600000| PB 0x000000070f400000| Untracked 
|  91|0x000000070f600000, 0x000000070f800000, 0x000000070f800000|100%| O|  |TAMS 0x000000070f800000| PB 0x000000070f600000| Untracked 
|  92|0x000000070f800000, 0x000000070fa00000, 0x000000070fa00000|100%| O|  |TAMS 0x000000070fa00000| PB 0x000000070f800000| Untracked 
|  93|0x000000070fa00000, 0x000000070fc00000, 0x000000070fc00000|100%| O|  |TAMS 0x000000070fc00000| PB 0x000000070fa00000| Untracked 
|  94|0x000000070fc00000, 0x000000070fe00000, 0x000000070fe00000|100%|HS|  |TAMS 0x000000070fe00000| PB 0x000000070fc00000| Complete 
|  95|0x000000070fe00000, 0x0000000710000000, 0x0000000710000000|100%|HC|  |TAMS 0x0000000710000000| PB 0x000000070fe00000| Complete 
|  96|0x0000000710000000, 0x0000000710200000, 0x0000000710200000|100%|HC|  |TAMS 0x0000000710200000| PB 0x0000000710000000| Complete 
|  97|0x0000000710200000, 0x0000000710400000, 0x0000000710400000|100%|HC|  |TAMS 0x0000000710400000| PB 0x0000000710200000| Complete 
|  98|0x0000000710400000, 0x0000000710600000, 0x0000000710600000|100%|HC|  |TAMS 0x0000000710600000| PB 0x0000000710400000| Complete 
|  99|0x0000000710600000, 0x0000000710800000, 0x0000000710800000|100%|HC|  |TAMS 0x0000000710800000| PB 0x0000000710600000| Complete 
| 100|0x0000000710800000, 0x0000000710a00000, 0x0000000710a00000|100%|HC|  |TAMS 0x0000000710a00000| PB 0x0000000710800000| Complete 
| 101|0x0000000710a00000, 0x0000000710c00000, 0x0000000710c00000|100%|HC|  |TAMS 0x0000000710c00000| PB 0x0000000710a00000| Complete 
| 102|0x0000000710c00000, 0x0000000710e00000, 0x0000000710e00000|100%| O|  |TAMS 0x0000000710e00000| PB 0x0000000710c00000| Untracked 
| 103|0x0000000710e00000, 0x0000000711000000, 0x0000000711000000|100%| O|  |TAMS 0x0000000711000000| PB 0x0000000710e00000| Untracked 
| 104|0x0000000711000000, 0x0000000711200000, 0x0000000711200000|100%| O|  |TAMS 0x0000000711200000| PB 0x0000000711000000| Untracked 
| 105|0x0000000711200000, 0x0000000711400000, 0x0000000711400000|100%| O|  |TAMS 0x0000000711400000| PB 0x0000000711200000| Untracked 
| 106|0x0000000711400000, 0x0000000711600000, 0x0000000711600000|100%| O|  |TAMS 0x0000000711600000| PB 0x0000000711400000| Untracked 
| 107|0x0000000711600000, 0x0000000711800000, 0x0000000711800000|100%| O|  |TAMS 0x0000000711800000| PB 0x0000000711600000| Untracked 
| 108|0x0000000711800000, 0x0000000711a00000, 0x0000000711a00000|100%| O|  |TAMS 0x0000000711a00000| PB 0x0000000711800000| Untracked 
| 109|0x0000000711a00000, 0x0000000711c00000, 0x0000000711c00000|100%| O|  |TAMS 0x0000000711c00000| PB 0x0000000711a00000| Untracked 
| 110|0x0000000711c00000, 0x0000000711e00000, 0x0000000711e00000|100%| O|  |TAMS 0x0000000711e00000| PB 0x0000000711c00000| Untracked 
| 111|0x0000000711e00000, 0x0000000712000000, 0x0000000712000000|100%| O|  |TAMS 0x0000000712000000| PB 0x0000000711e00000| Untracked 
| 112|0x0000000712000000, 0x0000000712200000, 0x0000000712200000|100%| O|  |TAMS 0x0000000712200000| PB 0x0000000712000000| Untracked 
| 113|0x0000000712200000, 0x0000000712400000, 0x0000000712400000|100%| O|  |TAMS 0x0000000712400000| PB 0x0000000712200000| Untracked 
| 114|0x0000000712400000, 0x0000000712600000, 0x0000000712600000|100%| O|  |TAMS 0x0000000712600000| PB 0x0000000712400000| Untracked 
| 115|0x0000000712600000, 0x0000000712800000, 0x0000000712800000|100%| O|  |TAMS 0x0000000712800000| PB 0x0000000712600000| Untracked 
| 116|0x0000000712800000, 0x0000000712a00000, 0x0000000712a00000|100%| O|  |TAMS 0x0000000712a00000| PB 0x0000000712800000| Untracked 
| 117|0x0000000712a00000, 0x0000000712c00000, 0x0000000712c00000|100%| O|  |TAMS 0x0000000712c00000| PB 0x0000000712a00000| Untracked 
| 118|0x0000000712c00000, 0x0000000712e00000, 0x0000000712e00000|100%| O|  |TAMS 0x0000000712e00000| PB 0x0000000712c00000| Untracked 
| 119|0x0000000712e00000, 0x0000000713000000, 0x0000000713000000|100%| O|  |TAMS 0x0000000713000000| PB 0x0000000712e00000| Untracked 
| 120|0x0000000713000000, 0x0000000713200000, 0x0000000713200000|100%| O|  |TAMS 0x0000000713200000| PB 0x0000000713000000| Untracked 
| 121|0x0000000713200000, 0x0000000713400000, 0x0000000713400000|100%| O|  |TAMS 0x0000000713400000| PB 0x0000000713200000| Untracked 
| 122|0x0000000713400000, 0x0000000713600000, 0x0000000713600000|100%| O|  |TAMS 0x0000000713600000| PB 0x0000000713400000| Untracked 
| 123|0x0000000713600000, 0x0000000713800000, 0x0000000713800000|100%| O|  |TAMS 0x0000000713800000| PB 0x0000000713600000| Untracked 
| 124|0x0000000713800000, 0x0000000713a00000, 0x0000000713a00000|100%| O|  |TAMS 0x0000000713a00000| PB 0x0000000713800000| Untracked 
| 125|0x0000000713a00000, 0x0000000713c00000, 0x0000000713c00000|100%| O|  |TAMS 0x0000000713c00000| PB 0x0000000713a00000| Untracked 
| 126|0x0000000713c00000, 0x0000000713e00000, 0x0000000713e00000|100%| O|  |TAMS 0x0000000713e00000| PB 0x0000000713c00000| Untracked 
| 127|0x0000000713e00000, 0x0000000714000000, 0x0000000714000000|100%| O|  |TAMS 0x0000000714000000| PB 0x0000000713e00000| Untracked 
| 128|0x0000000714000000, 0x0000000714200000, 0x0000000714200000|100%| O|  |TAMS 0x0000000714200000| PB 0x0000000714000000| Untracked 
| 129|0x0000000714200000, 0x0000000714400000, 0x0000000714400000|100%| O|  |TAMS 0x0000000714400000| PB 0x0000000714200000| Untracked 
| 130|0x0000000714400000, 0x0000000714600000, 0x0000000714600000|100%| O|  |TAMS 0x0000000714600000| PB 0x0000000714400000| Untracked 
| 131|0x0000000714600000, 0x0000000714800000, 0x0000000714800000|100%| O|  |TAMS 0x0000000714600000| PB 0x0000000714600000| Untracked 
| 132|0x0000000714800000, 0x0000000714a00000, 0x0000000714a00000|100%| O|  |TAMS 0x0000000714800000| PB 0x0000000714800000| Untracked 
| 133|0x0000000714a00000, 0x0000000714c00000, 0x0000000714c00000|100%| O|  |TAMS 0x0000000714a00000| PB 0x0000000714a00000| Untracked 
| 134|0x0000000714c00000, 0x0000000714e00000, 0x0000000714e00000|100%|HS|  |TAMS 0x0000000714c00000| PB 0x0000000714c00000| Complete 
| 135|0x0000000714e00000, 0x0000000715000000, 0x0000000715000000|100%|HC|  |TAMS 0x0000000714e00000| PB 0x0000000714e00000| Complete 
| 136|0x0000000715000000, 0x0000000715200000, 0x0000000715200000|100%|HC|  |TAMS 0x0000000715000000| PB 0x0000000715000000| Complete 
| 137|0x0000000715200000, 0x0000000715400000, 0x0000000715400000|100%|HC|  |TAMS 0x0000000715200000| PB 0x0000000715200000| Complete 
| 138|0x0000000715400000, 0x0000000715600000, 0x0000000715600000|100%|HC|  |TAMS 0x0000000715400000| PB 0x0000000715400000| Complete 
| 139|0x0000000715600000, 0x0000000715800000, 0x0000000715800000|100%|HC|  |TAMS 0x0000000715600000| PB 0x0000000715600000| Complete 
| 140|0x0000000715800000, 0x0000000715a00000, 0x0000000715a00000|100%|HC|  |TAMS 0x0000000715800000| PB 0x0000000715800000| Complete 
| 141|0x0000000715a00000, 0x0000000715c00000, 0x0000000715c00000|100%|HC|  |TAMS 0x0000000715a00000| PB 0x0000000715a00000| Complete 
| 142|0x0000000715c00000, 0x0000000715e00000, 0x0000000715e00000|100%|HC|  |TAMS 0x0000000715c00000| PB 0x0000000715c00000| Complete 
| 143|0x0000000715e00000, 0x0000000716000000, 0x0000000716000000|100%|HC|  |TAMS 0x0000000715e00000| PB 0x0000000715e00000| Complete 
| 144|0x0000000716000000, 0x0000000716200000, 0x0000000716200000|100%|HC|  |TAMS 0x0000000716000000| PB 0x0000000716000000| Complete 
| 145|0x0000000716200000, 0x0000000716400000, 0x0000000716400000|100%|HC|  |TAMS 0x0000000716200000| PB 0x0000000716200000| Complete 
| 146|0x0000000716400000, 0x0000000716600000, 0x0000000716600000|100%| O|  |TAMS 0x0000000716400000| PB 0x0000000716400000| Untracked 
| 147|0x0000000716600000, 0x0000000716800000, 0x0000000716800000|100%| O|  |TAMS 0x0000000716600000| PB 0x0000000716600000| Untracked 
| 148|0x0000000716800000, 0x0000000716a00000, 0x0000000716a00000|100%| O|  |TAMS 0x0000000716800000| PB 0x0000000716800000| Untracked 
| 149|0x0000000716a00000, 0x0000000716c00000, 0x0000000716c00000|100%| O|  |TAMS 0x0000000716a00000| PB 0x0000000716a00000| Untracked 
| 150|0x0000000716c00000, 0x0000000716e00000, 0x0000000716e00000|100%| O|  |TAMS 0x0000000716c00000| PB 0x0000000716c00000| Untracked 
| 151|0x0000000716e00000, 0x0000000717000000, 0x0000000717000000|100%| O|  |TAMS 0x0000000716e00000| PB 0x0000000716e00000| Untracked 
| 152|0x0000000717000000, 0x0000000717200000, 0x0000000717200000|100%| O|  |TAMS 0x0000000717000000| PB 0x0000000717000000| Untracked 
| 153|0x0000000717200000, 0x0000000717400000, 0x0000000717400000|100%| O|  |TAMS 0x0000000717200000| PB 0x0000000717200000| Untracked 
| 154|0x0000000717400000, 0x00000007175fbc00, 0x0000000717600000| 99%| O|  |TAMS 0x0000000717400000| PB 0x0000000717400000| Untracked 
| 155|0x0000000717600000, 0x0000000717600000, 0x0000000717800000|  0%| F|  |TAMS 0x0000000717600000| PB 0x0000000717600000| Untracked 
| 156|0x0000000717800000, 0x0000000717800000, 0x0000000717a00000|  0%| F|  |TAMS 0x0000000717800000| PB 0x0000000717800000| Untracked 
| 157|0x0000000717a00000, 0x0000000717c00000, 0x0000000717c00000|100%| S|CS|TAMS 0x0000000717a00000| PB 0x0000000717a00000| Complete 
| 158|0x0000000717c00000, 0x0000000717e00000, 0x0000000717e00000|100%| S|CS|TAMS 0x0000000717c00000| PB 0x0000000717c00000| Complete 
| 159|0x0000000717e00000, 0x0000000717e00000, 0x0000000718000000|  0%| F|  |TAMS 0x0000000717e00000| PB 0x0000000717e00000| Untracked 
| 160|0x0000000718000000, 0x0000000718000000, 0x0000000718200000|  0%| F|  |TAMS 0x0000000718000000| PB 0x0000000718000000| Untracked 
| 161|0x0000000718200000, 0x0000000718200000, 0x0000000718400000|  0%| F|  |TAMS 0x0000000718200000| PB 0x0000000718200000| Untracked 
| 162|0x0000000718400000, 0x0000000718400000, 0x0000000718600000|  0%| F|  |TAMS 0x0000000718400000| PB 0x0000000718400000| Untracked 
| 163|0x0000000718600000, 0x0000000718600000, 0x0000000718800000|  0%| F|  |TAMS 0x0000000718600000| PB 0x0000000718600000| Untracked 
| 164|0x0000000718800000, 0x0000000718800000, 0x0000000718a00000|  0%| F|  |TAMS 0x0000000718800000| PB 0x0000000718800000| Untracked 
| 165|0x0000000718a00000, 0x0000000718a00000, 0x0000000718c00000|  0%| F|  |TAMS 0x0000000718a00000| PB 0x0000000718a00000| Untracked 
| 166|0x0000000718c00000, 0x0000000718c00000, 0x0000000718e00000|  0%| F|  |TAMS 0x0000000718c00000| PB 0x0000000718c00000| Untracked 
| 167|0x0000000718e00000, 0x0000000718e00000, 0x0000000719000000|  0%| F|  |TAMS 0x0000000718e00000| PB 0x0000000718e00000| Untracked 
| 168|0x0000000719000000, 0x0000000719000000, 0x0000000719200000|  0%| F|  |TAMS 0x0000000719000000| PB 0x0000000719000000| Untracked 
| 169|0x0000000719200000, 0x0000000719200000, 0x0000000719400000|  0%| F|  |TAMS 0x0000000719200000| PB 0x0000000719200000| Untracked 

Card table byte_map: [0x000002779c7e0000,0x000002779cfc0000] _byte_map_base: 0x0000027798fc0000

Marking Bits: (CMBitMap*) 0x00000277893b9c20
 Bits: [0x000002779d7a0000, 0x00000277a16a0000)

Polling page: 0x0000027788b10000

Metaspace:

Usage:
  Non-class:     11.64 MB used.
      Class:      1.20 MB used.
       Both:     12.84 MB used.

Virtual space:
  Non-class space:       64.00 MB reserved,      11.75 MB ( 18%) committed,  1 nodes.
      Class space:        1.00 GB reserved,       1.31 MB ( <1%) committed,  1 nodes.
             Both:        1.06 GB reserved,      13.06 MB (  1%) committed. 

Chunk freelists:
   Non-Class:  208.00 KB
       Class:  2.73 MB
        Both:  2.94 MB

MaxMetaspaceSize: unlimited
CompressedClassSpaceSize: 1.00 GB
Initial GC threshold: 21.00 MB
Current GC threshold: 21.81 MB
CDS: off
MetaspaceReclaimPolicy: balanced
 - commit_granule_bytes: 65536.
 - commit_granule_words: 8192.
 - virtual_space_node_default_size: 8388608.
 - enlarge_chunks_in_place: 1.
 - new_chunks_are_fully_committed: 0.
 - uncommit_free_chunks: 1.
 - use_allocation_guard: 0.


Internal statistics:

num_allocs_failed_limit: 0.
num_arena_births: 140.
num_arena_deaths: 0.
num_vsnodes_births: 2.
num_vsnodes_deaths: 0.
num_space_committed: 209.
num_space_uncommitted: 0.
num_chunks_returned_to_freelist: 0.
num_chunks_taken_from_freelist: 228.
num_chunk_merges: 0.
num_chunk_splits: 111.
num_chunks_enlarged: 27.
num_inconsistent_stats: 0.

CodeHeap 'non-profiled nmethods': size=120000Kb used=405Kb max_used=405Kb free=119594Kb
 bounds [0x00000277947a0000, 0x0000027794a10000, 0x000002779bcd0000]
CodeHeap 'profiled nmethods': size=120000Kb used=1224Kb max_used=1224Kb free=118776Kb
 bounds [0x000002778ccd0000, 0x000002778cf40000, 0x0000027794200000]
CodeHeap 'non-nmethods': size=5760Kb used=1690Kb max_used=1720Kb free=4069Kb
 bounds [0x0000027794200000, 0x0000027794470000, 0x00000277947a0000]
 total_blobs=1496 nmethods=921 adapters=486
 compilation: enabled
              stopped_count=0, restarted_count=0
 full_count=0

Compilation events (20 events):
Event: 2.189 Thread 0x00000277a8487bf0  914  s    4       SimpleTurtle::updateDisplay (180 bytes)
Event: 2.195 Thread 0x00000277a8487bf0 nmethod 914 0x00000277947fe410 code [0x00000277947fe600, 0x00000277947febc0]
Event: 2.195 Thread 0x00000277a8487bf0  915       4       SimpleTurtle::forward (73 bytes)
Event: 2.204 Thread 0x00000277a84ab050  916  s    3       SimpleTurtle::updateDisplay (180 bytes)
Event: 2.206 Thread 0x00000277a84ab050 nmethod 916 0x000002778cdfe410 code [0x000002778cdfe680, 0x000002778cdff670]
Event: 2.206 Thread 0x00000277a8487bf0 nmethod 915 0x00000277947ff110 code [0x00000277947ff360, 0x00000277948001d8]
Event: 2.274 Thread 0x00000277a84ab050  917       3       SimpleTurtle::forward (73 bytes)
Event: 2.274 Thread 0x00000277a84ab050 nmethod 917 0x000002778cdffa90 code [0x000002778cdffc80, 0x000002778ce00048]
Event: 2.275 Thread 0x00000277a8487bf0  918       4       SimpleTurtle::forward (73 bytes)
Event: 2.286 Thread 0x00000277a8487bf0 nmethod 918 0x0000027794800a10 code [0x0000027794800c60, 0x0000027794801ae0]
Event: 2.286 Thread 0x00000277a8487bf0  919  s    4       SimpleTurtle::updateDisplay (180 bytes)
Event: 2.290 Thread 0x00000277a8487bf0 nmethod 919 0x0000027794802310 code [0x0000027794802500, 0x0000027794802ad0]
Event: 2.362 Thread 0x00000277a84ab050  920       3       SimpleTurtle::forward (73 bytes)
Event: 2.363 Thread 0x00000277a84ab050 nmethod 920 0x000002778ce00210 code [0x000002778ce00400, 0x000002778ce007c8]
Event: 2.363 Thread 0x00000277a84ab050  921  s    3       SimpleTurtle::updateDisplay (180 bytes)
Event: 2.363 Thread 0x00000277a84ab050 nmethod 921 0x000002778ce00990 code [0x000002778ce00c00, 0x000002778ce01bf0]
Event: 2.364 Thread 0x00000277a8487bf0  922  s    4       SimpleTurtle::updateDisplay (180 bytes)
Event: 2.368 Thread 0x00000277a8487bf0 nmethod 922 0x0000027794803010 code [0x0000027794803200, 0x00000277948037c8]
Event: 2.368 Thread 0x00000277a8487bf0  923       4       SimpleTurtle::forward (73 bytes)
Event: 2.377 Thread 0x00000277a8487bf0 nmethod 923 0x0000027794803d10 code [0x0000027794803f60, 0x0000027794804df0]

GC Heap History (20 events):
Event: 0.511 GC heap after
{Heap after GC invocations=1 (full 0):
 garbage-first heap   total 258048K, used 4808K [0x0000000704000000, 0x0000000800000000)
  region size 2048K, 2 young (4096K), 2 survivors (4096K)
 Metaspace       used 13037K, committed 13248K, reserved 1114112K
  class space    used 1231K, committed 1344K, reserved 1048576K
}
Event: 0.664 GC heap before
{Heap before GC invocations=1 (full 0):
 garbage-first heap   total 258048K, used 35528K [0x0000000704000000, 0x0000000800000000)
  region size 2048K, 18 young (36864K), 2 survivors (4096K)
 Metaspace       used 13060K, committed 13248K, reserved 1114112K
  class space    used 1232K, committed 1344K, reserved 1048576K
}
Event: 0.669 GC heap after
{Heap after GC invocations=2 (full 0):
 garbage-first heap   total 258048K, used 8244K [0x0000000704000000, 0x0000000800000000)
  region size 2048K, 2 young (4096K), 2 survivors (4096K)
 Metaspace       used 13060K, committed 13248K, reserved 1114112K
  class space    used 1232K, committed 1344K, reserved 1048576K
}
Event: 1.114 GC heap before
{Heap before GC invocations=2 (full 0):
 garbage-first heap   total 258048K, used 120884K [0x0000000704000000, 0x0000000800000000)
  region size 2048K, 57 young (116736K), 2 survivors (4096K)
 Metaspace       used 13101K, committed 13312K, reserved 1114112K
  class space    used 1232K, committed 1344K, reserved 1048576K
}
Event: 1.120 GC heap after
{Heap after GC invocations=3 (full 0):
 garbage-first heap   total 258048K, used 13677K [0x0000000704000000, 0x0000000800000000)
  region size 2048K, 4 young (8192K), 4 survivors (8192K)
 Metaspace       used 13101K, committed 13312K, reserved 1114112K
  class space    used 1232K, committed 1344K, reserved 1048576K
}
Event: 1.680 GC heap before
{Heap before GC invocations=3 (full 0):
 garbage-first heap   total 258048K, used 159085K [0x0000000704000000, 0x0000000800000000)
  region size 2048K, 75 young (153600K), 4 survivors (8192K)
 Metaspace       used 13120K, committed 13312K, reserved 1114112K
  class space    used 1232K, committed 1344K, reserved 1048576K
}
Event: 1.688 GC heap after
{Heap after GC invocations=4 (full 0):
 garbage-first heap   total 258048K, used 17779K [0x0000000704000000, 0x0000000800000000)
  region size 2048K, 6 young (12288K), 6 survivors (12288K)
 Metaspace       used 13120K, committed 13312K, reserved 1114112K
  class space    used 1232K, committed 1344K, reserved 1048576K
}
Event: 2.295 GC heap before
{Heap before GC invocations=4 (full 0):
 garbage-first heap   total 258048K, used 183667K [0x0000000704000000, 0x0000000800000000)
  region size 2048K, 75 young (153600K), 6 survivors (12288K)
 Metaspace       used 13150K, committed 13376K, reserved 1114112K
  class space    used 1233K, committed 1344K, reserved 1048576K
}
Event: 2.349 GC heap after
{Heap after GC invocations=5 (full 0):
 garbage-first heap   total 258048K, used 100610K [0x0000000704000000, 0x0000000800000000)
  region size 2048K, 10 young (20480K), 10 survivors (20480K)
 Metaspace       used 13150K, committed 13376K, reserved 1114112K
  class space    used 1233K, committed 1344K, reserved 1048576K
}
Event: 2.535 GC heap before
{Heap before GC invocations=5 (full 0):
 garbage-first heap   total 258048K, used 155906K [0x0000000704000000, 0x0000000800000000)
  region size 2048K, 31 young (63488K), 10 survivors (20480K)
 Metaspace       used 13150K, committed 13376K, reserved 1114112K
  class space    used 1233K, committed 1344K, reserved 1048576K
}
Event: 2.581 GC heap after
{Heap after GC invocations=6 (full 0):
 garbage-first heap   total 339968K, used 159744K [0x0000000704000000, 0x0000000800000000)
  region size 2048K, 4 young (8192K), 4 survivors (8192K)
 Metaspace       used 13150K, committed 13376K, reserved 1114112K
  class space    used 1233K, committed 1344K, reserved 1048576K
}
Event: 2.760 GC heap before
{Heap before GC invocations=6 (full 0):
 garbage-first heap   total 339968K, used 196608K [0x0000000704000000, 0x0000000800000000)
  region size 2048K, 23 young (47104K), 4 survivors (8192K)
 Metaspace       used 13150K, committed 13376K, reserved 1114112K
  class space    used 1233K, committed 1344K, reserved 1048576K
}
Event: 2.781 GC heap after
{Heap after GC invocations=7 (full 0):
 garbage-first heap   total 339968K, used 201728K [0x0000000704000000, 0x0000000800000000)
  region size 2048K, 5 young (10240K), 5 survivors (10240K)
 Metaspace       used 13150K, committed 13376K, reserved 1114112K
  class space    used 1233K, committed 1344K, reserved 1048576K
}
Event: 3.022 GC heap before
{Heap before GC invocations=8 (full 0):
 garbage-first heap   total 348160K, used 236544K [0x0000000704000000, 0x0000000800000000)
  region size 2048K, 26 young (53248K), 5 survivors (10240K)
 Metaspace       used 13150K, committed 13376K, reserved 1114112K
  class space    used 1233K, committed 1344K, reserved 1048576K
}
Event: 3.048 GC heap after
{Heap after GC invocations=9 (full 0):
 garbage-first heap   total 348160K, used 240640K [0x0000000704000000, 0x0000000800000000)
  region size 2048K, 4 young (8192K), 4 survivors (8192K)
 Metaspace       used 13150K, committed 13376K, reserved 1114112K
  class space    used 1233K, committed 1344K, reserved 1048576K
}
Event: 3.164 GC heap before
{Heap before GC invocations=9 (full 0):
 garbage-first heap   total 348160K, used 271360K [0x0000000704000000, 0x0000000800000000)
  region size 2048K, 19 young (38912K), 4 survivors (8192K)
 Metaspace       used 13150K, committed 13376K, reserved 1114112K
  class space    used 1233K, committed 1344K, reserved 1048576K
}
Event: 3.181 GC heap after
{Heap after GC invocations=10 (full 0):
 garbage-first heap   total 348160K, used 272384K [0x0000000704000000, 0x0000000800000000)
  region size 2048K, 3 young (6144K), 3 survivors (6144K)
 Metaspace       used 13150K, committed 13376K, reserved 1114112K
  class space    used 1233K, committed 1344K, reserved 1048576K
}
Event: 3.186 GC heap before
{Heap before GC invocations=10 (full 0):
 garbage-first heap   total 348160K, used 272384K [0x0000000704000000, 0x0000000800000000)
  region size 2048K, 4 young (8192K), 3 survivors (6144K)
 Metaspace       used 13150K, committed 13376K, reserved 1114112K
  class space    used 1233K, committed 1344K, reserved 1048576K
}
Event: 3.193 GC heap after
{Heap after GC invocations=11 (full 0):
 garbage-first heap   total 348160K, used 275697K [0x0000000704000000, 0x0000000800000000)
  region size 2048K, 1 young (2048K), 1 survivors (2048K)
 Metaspace       used 13150K, committed 13376K, reserved 1114112K
  class space    used 1233K, committed 1344K, reserved 1048576K
}
Event: 3.410 GC heap before
{Heap before GC invocations=11 (full 0):
 garbage-first heap   total 348160K, used 320753K [0x0000000704000000, 0x0000000800000000)
  region size 2048K, 11 young (22528K), 1 survivors (2048K)
 Metaspace       used 13150K, committed 13376K, reserved 1114112K
  class space    used 1233K, committed 1344K, reserved 1048576K
}

Dll operation events (9 events):
Event: 0.009 Loaded shared library C:\Users\griff\.p2\pool\plugins\org.eclipse.justj.openjdk.hotspot.jre.full.win32.x86_64_20.0.2.v20230801-2057\jre\bin\java.dll
Event: 0.014 Loaded shared library C:\Users\griff\.p2\pool\plugins\org.eclipse.justj.openjdk.hotspot.jre.full.win32.x86_64_20.0.2.v20230801-2057\jre\bin\zip.dll
Event: 0.123 Loaded shared library C:\Users\griff\.p2\pool\plugins\org.eclipse.justj.openjdk.hotspot.jre.full.win32.x86_64_20.0.2.v20230801-2057\jre\bin\net.dll
Event: 0.124 Loaded shared library C:\Users\griff\.p2\pool\plugins\org.eclipse.justj.openjdk.hotspot.jre.full.win32.x86_64_20.0.2.v20230801-2057\jre\bin\nio.dll
Event: 0.131 Loaded shared library C:\Users\griff\.p2\pool\plugins\org.eclipse.justj.openjdk.hotspot.jre.full.win32.x86_64_20.0.2.v20230801-2057\jre\bin\zip.dll
Event: 0.160 Loaded shared library C:\Users\griff\.p2\pool\plugins\org.eclipse.justj.openjdk.hotspot.jre.full.win32.x86_64_20.0.2.v20230801-2057\jre\bin\jimage.dll
Event: 0.180 Loaded shared library C:\Users\griff\.p2\pool\plugins\org.eclipse.justj.openjdk.hotspot.jre.full.win32.x86_64_20.0.2.v20230801-2057\jre\bin\awt.dll
Event: 0.390 Loaded shared library C:\Users\griff\.p2\pool\plugins\org.eclipse.justj.openjdk.hotspot.jre.full.win32.x86_64_20.0.2.v20230801-2057\jre\bin\freetype.dll
Event: 0.391 Loaded shared library C:\Users\griff\.p2\pool\plugins\org.eclipse.justj.openjdk.hotspot.jre.full.win32.x86_64_20.0.2.v20230801-2057\jre\bin\fontmanager.dll

Deoptimization events (20 events):
Event: 2.186 Thread 0x00000277893495e0 Uncommon trap: trap_request=0xffffff45 fr.pc=0x00000277947fc3e0 relative=0x00000000000003e0
Event: 2.186 Thread 0x00000277893495e0 Uncommon trap: reason=unstable_if action=reinterpret pc=0x00000277947fc3e0 method=SimpleTurtle.updateDisplay()V @ 121 c2
Event: 2.186 Thread 0x00000277893495e0 DEOPT PACKING pc=0x00000277947fc3e0 sp=0x000000931e0ff1a0
Event: 2.186 Thread 0x00000277893495e0 DEOPT UNPACKING pc=0x000002779421d2a2 sp=0x000000931e0ff170 mode 2
Event: 2.204 Thread 0x00000277893495e0 Uncommon trap: trap_request=0xffffff45 fr.pc=0x00000277947fe9ec relative=0x00000000000003ec
Event: 2.204 Thread 0x00000277893495e0 Uncommon trap: reason=unstable_if action=reinterpret pc=0x00000277947fe9ec method=SimpleTurtle.updateDisplay()V @ 152 c2
Event: 2.204 Thread 0x00000277893495e0 DEOPT PACKING pc=0x00000277947fe9ec sp=0x000000931e0ff170
Event: 2.204 Thread 0x00000277893495e0 DEOPT UNPACKING pc=0x000002779421d2a2 sp=0x000000931e0ff138 mode 2
Event: 2.273 Thread 0x00000277893495e0 Uncommon trap: trap_request=0xffffff45 fr.pc=0x00000277947ffee4 relative=0x0000000000000b84
Event: 2.273 Thread 0x00000277893495e0 Uncommon trap: reason=unstable_if action=reinterpret pc=0x00000277947ffee4 method=SimpleTurtle.updateDisplay()V @ 152 c2
Event: 2.274 Thread 0x00000277893495e0 DEOPT PACKING pc=0x00000277947ffee4 sp=0x000000931e0ff210
Event: 2.274 Thread 0x00000277893495e0 DEOPT UNPACKING pc=0x000002779421d2a2 sp=0x000000931e0ff170 mode 2
Event: 2.362 Thread 0x00000277893495e0 Uncommon trap: trap_request=0xffffff45 fr.pc=0x00000277948017e0 relative=0x0000000000000b80
Event: 2.362 Thread 0x00000277893495e0 Uncommon trap: reason=unstable_if action=reinterpret pc=0x00000277948017e0 method=SimpleTurtle.updateDisplay()V @ 4 c2
Event: 2.362 Thread 0x00000277893495e0 DEOPT PACKING pc=0x00000277948017e0 sp=0x000000931e0ff210
Event: 2.362 Thread 0x00000277893495e0 DEOPT UNPACKING pc=0x000002779421d2a2 sp=0x000000931e0ff178 mode 2
Event: 2.362 Thread 0x00000277893495e0 Uncommon trap: trap_request=0xffffff45 fr.pc=0x00000277948028f0 relative=0x00000000000003f0
Event: 2.362 Thread 0x00000277893495e0 Uncommon trap: reason=unstable_if action=reinterpret pc=0x00000277948028f0 method=SimpleTurtle.updateDisplay()V @ 4 c2
Event: 2.362 Thread 0x00000277893495e0 DEOPT PACKING pc=0x00000277948028f0 sp=0x000000931e0ff1a0
Event: 2.362 Thread 0x00000277893495e0 DEOPT UNPACKING pc=0x000002779421d2a2 sp=0x000000931e0ff178 mode 2

Classes loaded (20 events):
Event: 0.494 Loading class java/text/AttributedString
Event: 0.494 Loading class java/text/AttributedString done
Event: 0.495 Loading class java/text/AttributedString$AttributedStringIterator
Event: 0.495 Loading class java/text/AttributedCharacterIterator
Event: 0.495 Loading class java/text/CharacterIterator
Event: 0.495 Loading class java/text/CharacterIterator done
Event: 0.495 Loading class java/text/AttributedCharacterIterator done
Event: 0.495 Loading class java/text/AttributedString$AttributedStringIterator done
Event: 0.496 Loading class java/awt/TextComponent
Event: 0.496 Loading class java/awt/TextComponent done
Event: 0.496 Loading class javax/swing/text/JTextComponent
Event: 0.497 Loading class javax/swing/Scrollable
Event: 0.497 Loading class javax/swing/Scrollable done
Event: 0.498 Loading class javax/swing/text/JTextComponent done
Event: 0.517 Loading class java/awt/event/MouseWheelEvent
Event: 0.518 Loading class java/awt/event/MouseWheelEvent done
Event: 1.994 Loading class java/awt/KeyboardFocusManager$2
Event: 1.994 Loading class java/awt/KeyboardFocusManager$2 done
Event: 1.994 Loading class sun/awt/SunToolkit$1
Event: 1.994 Loading class sun/awt/SunToolkit$1 done

Classes unloaded (0 events):
No events

Classes redefined (0 events):
No events

Internal exceptions (11 events):
Event: 0.170 Thread 0x00000277893495e0 Exception <a 'java/lang/ClassNotFoundException'{0x000000071388afd0}: sun/awt/resources/spi/awtProvider> (0x000000071388afd0) 
thrown [s\src\hotspot\share\classfile\systemDictionary.cpp, line 305]
Event: 0.190 Thread 0x00000277893495e0 Exception <a 'java/io/FileNotFoundException'{0x00000007138e8fd8}> (0x00000007138e8fd8) 
thrown [s\src\hotspot\share\prims\jni.cpp, line 519]
Event: 0.196 Thread 0x00000277893495e0 Exception <a 'java/io/FileNotFoundException'{0x0000000713913050}> (0x0000000713913050) 
thrown [s\src\hotspot\share\prims\jni.cpp, line 519]
Event: 0.287 Thread 0x00000277893495e0 Exception <a 'java/lang/NoSuchMethodError'{0x00000007139bfe98}: 'void java.lang.invoke.DirectMethodHandle$Holder.invokeSpecial(java.lang.Object, java.lang.Object, java.lang.Object)'> (0x00000007139bfe98) 
thrown [s\src\hotspot\share\interpreter\linkResolver.cpp, line 773]
Event: 0.296 Thread 0x00000277893495e0 Exception <a 'java/lang/NoSuchMethodError'{0x0000000713698ec8}: 'java.lang.Object java.lang.invoke.DirectMethodHandle$Holder.newInvokeSpecial(java.lang.Object, java.lang.Object, java.lang.Object, java.lang.Object, java.lang.Object)'> (0x0000000713698ec8) 
thrown [s\src\hotspot\share\interpreter\linkResolver.cpp, line 773]
Event: 0.302 Thread 0x00000277893495e0 Exception <a 'java/lang/NoSuchMethodError'{0x00000007136c9770}: 'java.lang.Object java.lang.invoke.DirectMethodHandle$Holder.invokeStatic(java.lang.Object, int, java.lang.Object)'> (0x00000007136c9770) 
thrown [s\src\hotspot\share\interpreter\linkResolver.cpp, line 773]
Event: 0.323 Thread 0x00000277893495e0 Exception <a 'java/lang/ClassNotFoundException'{0x0000000713784ab0}: com/sun/swing/internal/plaf/metal/resources/spi/metalProvider> (0x0000000713784ab0) 
thrown [s\src\hotspot\share\classfile\systemDictionary.cpp, line 305]
Event: 0.324 Thread 0x00000277893495e0 Exception <a 'java/lang/ClassNotFoundException'{0x0000000713788a40}: com/sun/swing/internal/plaf/basic/resources/spi/basicProvider> (0x0000000713788a40) 
thrown [s\src\hotspot\share\classfile\systemDictionary.cpp, line 305]
Event: 0.331 Thread 0x00000277893495e0 Exception <a 'java/lang/NoSuchMethodError'{0x00000007137a83c8}: 'int java.lang.invoke.Invokers$Holder.invokeExact_MT(java.lang.Object, java.lang.Object)'> (0x00000007137a83c8) 
thrown [s\src\hotspot\share\interpreter\linkResolver.cpp, line 773]
Event: 0.373 Thread 0x00000277a8940700 Exception <a 'java/lang/NoSuchMethodError'{0x000000071360f688}: 'void java.lang.invoke.DirectMethodHandle$Holder.invokeVirtual(java.lang.Object, java.lang.Object)'> (0x000000071360f688) 
thrown [s\src\hotspot\share\interpreter\linkResolver.cpp, line 773]
Event: 0.387 Thread 0x00000277893495e0 Exception <a 'java/lang/NoSuchMethodError'{0x00000007128b1b58}: 'void java.lang.invoke.DirectMethodHandle$Holder.invokeStaticInit(java.lang.Object)'> (0x00000007128b1b58) 
thrown [s\src\hotspot\share\interpreter\linkResolver.cpp, line 773]

VM Operations (20 events):
Event: 1.120 Executing VM operation: G1CollectForAllocation done
Event: 1.680 Executing VM operation: G1CollectForAllocation
Event: 1.688 Executing VM operation: G1CollectForAllocation done
Event: 2.295 Executing VM operation: G1CollectForAllocation
Event: 2.349 Executing VM operation: G1CollectForAllocation done
Event: 2.535 Executing VM operation: G1CollectForAllocation
Event: 2.581 Executing VM operation: G1CollectForAllocation done
Event: 2.759 Executing VM operation: G1TryInitiateConcMark
Event: 2.781 Executing VM operation: G1TryInitiateConcMark done
Event: 2.874 Executing VM operation: G1PauseRemark
Event: 2.875 Executing VM operation: G1PauseRemark done
Event: 2.954 Executing VM operation: G1PauseCleanup
Event: 2.954 Executing VM operation: G1PauseCleanup done
Event: 3.022 Executing VM operation: G1CollectForAllocation
Event: 3.048 Executing VM operation: G1CollectForAllocation done
Event: 3.164 Executing VM operation: G1CollectForAllocation
Event: 3.181 Executing VM operation: G1CollectForAllocation done
Event: 3.186 Executing VM operation: G1TryInitiateConcMark
Event: 3.193 Executing VM operation: G1TryInitiateConcMark done
Event: 3.410 Executing VM operation: G1CollectForAllocation

Events (17 events):
Event: 0.038 Thread 0x00000277893495e0 Thread added: 0x00000277893495e0
Event: 0.065 Thread 0x00000277a847e430 Thread added: 0x00000277a847e430
Event: 0.065 Thread 0x00000277a847f320 Thread added: 0x00000277a847f320
Event: 0.066 Thread 0x00000277a84952b0 Thread added: 0x00000277a84952b0
Event: 0.066 Thread 0x00000277a8496c00 Thread added: 0x00000277a8496c00
Event: 0.066 Thread 0x00000277a8497630 Thread added: 0x00000277a8497630
Event: 0.067 Thread 0x00000277a8482b00 Thread added: 0x00000277a8482b00
Event: 0.067 Thread 0x00000277a8487bf0 Thread added: 0x00000277a8487bf0
Event: 0.067 Thread 0x00000277a84ab050 Thread added: 0x00000277a84ab050
Event: 0.104 Thread 0x00000277a862bed0 Thread added: 0x00000277a862bed0
Event: 0.109 Thread 0x00000277a862f0a0 Thread added: 0x00000277a862f0a0
Event: 0.258 Thread 0x00000277a8745910 Thread added: 0x00000277a8745910
Event: 0.259 Thread 0x00000277a8745e60 Thread added: 0x00000277a8745e60
Event: 0.261 Thread 0x00000277a8940700 Thread added: 0x00000277a8940700
Event: 0.342 Thread 0x00000277a89ea6a0 Thread added: 0x00000277a89ea6a0
Event: 0.375 Thread 0x00000277a8a648a0 Thread added: 0x00000277a8a648a0
Event: 0.695 Thread 0x00000277a89ea6a0 Thread exited: 0x00000277a89ea6a0


Dynamic libraries:
0x00007ff766ff0000 - 0x00007ff766ffe000 	C:\Users\griff\.p2\pool\plugins\org.eclipse.justj.openjdk.hotspot.jre.full.win32.x86_64_20.0.2.v20230801-2057\jre\bin\javaw.exe
0x00007fff86dd0000 - 0x00007fff86fe7000 	C:\windows\SYSTEM32\ntdll.dll
0x00007fff855b0000 - 0x00007fff85674000 	C:\windows\System32\KERNEL32.DLL
0x00007fff84150000 - 0x00007fff844f6000 	C:\windows\System32\KERNELBASE.dll
0x00007fff84a10000 - 0x00007fff84b21000 	C:\windows\System32\ucrtbase.dll
0x00007fff68b30000 - 0x00007fff68b47000 	C:\Users\griff\.p2\pool\plugins\org.eclipse.justj.openjdk.hotspot.jre.full.win32.x86_64_20.0.2.v20230801-2057\jre\bin\jli.dll
0x00007fff65450000 - 0x00007fff6546b000 	C:\Users\griff\.p2\pool\plugins\org.eclipse.justj.openjdk.hotspot.jre.full.win32.x86_64_20.0.2.v20230801-2057\jre\bin\VCRUNTIME140.dll
0x00007fff85780000 - 0x00007fff8592d000 	C:\windows\System32\USER32.dll
0x00007fff6c140000 - 0x00007fff6c3d3000 	C:\windows\WinSxS\amd64_microsoft.windows.common-controls_6595b64144ccf1df_6.0.22621.2361_none_2712ced57382f843\COMCTL32.dll
0x00007fff84970000 - 0x00007fff84996000 	C:\windows\System32\win32u.dll
0x00007fff863f0000 - 0x00007fff86497000 	C:\windows\System32\msvcrt.dll
0x00007fff85490000 - 0x00007fff854b9000 	C:\windows\System32\GDI32.dll
0x00007fff84500000 - 0x00007fff84618000 	C:\windows\System32\gdi32full.dll
0x00007fff848d0000 - 0x00007fff8496a000 	C:\windows\System32\msvcp_win.dll
0x00007fff863b0000 - 0x00007fff863e1000 	C:\windows\System32\IMM32.DLL
0x00007fff68b20000 - 0x00007fff68b2c000 	C:\Users\griff\.p2\pool\plugins\org.eclipse.justj.openjdk.hotspot.jre.full.win32.x86_64_20.0.2.v20230801-2057\jre\bin\vcruntime140_1.dll
0x00007fff35240000 - 0x00007fff352cd000 	C:\Users\griff\.p2\pool\plugins\org.eclipse.justj.openjdk.hotspot.jre.full.win32.x86_64_20.0.2.v20230801-2057\jre\bin\msvcp140.dll
0x00007fff26d50000 - 0x00007fff27a5f000 	C:\Users\griff\.p2\pool\plugins\org.eclipse.justj.openjdk.hotspot.jre.full.win32.x86_64_20.0.2.v20230801-2057\jre\bin\server\jvm.dll
0x00007fff86730000 - 0x00007fff867e0000 	C:\windows\System32\ADVAPI32.dll
0x00007fff86140000 - 0x00007fff861e6000 	C:\windows\System32\sechost.dll
0x00007fff85db0000 - 0x00007fff85ec7000 	C:\windows\System32\RPCRT4.dll
0x00007fff50570000 - 0x00007fff50579000 	C:\windows\SYSTEM32\WSOCK32.dll
0x00007fff7aa30000 - 0x00007fff7aa64000 	C:\windows\SYSTEM32\WINMM.dll
0x00007fff7a890000 - 0x00007fff7a89a000 	C:\windows\SYSTEM32\VERSION.dll
0x00007fff86980000 - 0x00007fff869f1000 	C:\windows\System32\WS2_32.dll
0x00007fff830f0000 - 0x00007fff83108000 	C:\windows\SYSTEM32\kernel.appcore.dll
0x00007fff7e610000 - 0x00007fff7e61a000 	C:\Users\griff\.p2\pool\plugins\org.eclipse.justj.openjdk.hotspot.jre.full.win32.x86_64_20.0.2.v20230801-2057\jre\bin\jimage.dll
0x00007fff819f0000 - 0x00007fff81c1e000 	C:\windows\SYSTEM32\DBGHELP.DLL
0x00007fff86a00000 - 0x00007fff86d8a000 	C:\windows\System32\combase.dll
0x00007fff862d0000 - 0x00007fff863a7000 	C:\windows\System32\OLEAUT32.dll
0x00007fff629e0000 - 0x00007fff62a12000 	C:\windows\SYSTEM32\dbgcore.DLL
0x00007fff84620000 - 0x00007fff8469a000 	C:\windows\System32\bcryptPrimitives.dll
0x00007fff2bba0000 - 0x00007fff2bbc6000 	C:\Users\griff\.p2\pool\plugins\org.eclipse.justj.openjdk.hotspot.jre.full.win32.x86_64_20.0.2.v20230801-2057\jre\bin\java.dll
0x00007fff7e5f0000 - 0x00007fff7e608000 	C:\Users\griff\.p2\pool\plugins\org.eclipse.justj.openjdk.hotspot.jre.full.win32.x86_64_20.0.2.v20230801-2057\jre\bin\zip.dll
0x00007fff84c30000 - 0x00007fff85488000 	C:\windows\System32\SHELL32.dll
0x00007fff82060000 - 0x00007fff82952000 	C:\windows\SYSTEM32\windows.storage.dll
0x00007fff81f20000 - 0x00007fff8205e000 	C:\windows\SYSTEM32\wintypes.dll
0x00007fff85680000 - 0x00007fff85773000 	C:\windows\System32\SHCORE.dll
0x00007fff85550000 - 0x00007fff855ae000 	C:\windows\System32\shlwapi.dll
0x00007fff84080000 - 0x00007fff840a6000 	C:\windows\SYSTEM32\profapi.dll
0x00007fff2bb80000 - 0x00007fff2bb93000 	C:\Users\griff\.p2\pool\plugins\org.eclipse.justj.openjdk.hotspot.jre.full.win32.x86_64_20.0.2.v20230801-2057\jre\bin\net.dll
0x00007fff7e3e0000 - 0x00007fff7e517000 	C:\windows\SYSTEM32\WINHTTP.dll
0x00007fff835c0000 - 0x00007fff83629000 	C:\windows\system32\mswsock.dll
0x00007fff2bb60000 - 0x00007fff2bb76000 	C:\Users\griff\.p2\pool\plugins\org.eclipse.justj.openjdk.hotspot.jre.full.win32.x86_64_20.0.2.v20230801-2057\jre\bin\nio.dll
0x00007fff2ca70000 - 0x00007fff2cc00000 	C:\Users\griff\.p2\pool\plugins\org.eclipse.justj.openjdk.hotspot.jre.full.win32.x86_64_20.0.2.v20230801-2057\jre\bin\awt.dll
0x00007fff80fd0000 - 0x00007fff81067000 	C:\windows\SYSTEM32\apphelp.dll
0x00007fff813d0000 - 0x00007fff813fb000 	C:\windows\system32\DWMAPI.DLL
0x00007fff81160000 - 0x00007fff8120b000 	C:\windows\system32\uxtheme.dll
0x00007fff3ab60000 - 0x00007fff3ac60000 	C:\windows\system32\opengl32.dll
0x00007fff3ab30000 - 0x00007fff3ab5d000 	C:\windows\SYSTEM32\GLU32.dll
0x00007fff81270000 - 0x00007fff812a6000 	C:\windows\SYSTEM32\dxcore.dll
0x00007fff865e0000 - 0x00007fff8672c000 	C:\windows\System32\MSCTF.dll
0x00007fff867e0000 - 0x00007fff8697f000 	C:\windows\System32\ole32.dll
0x00007fff351b0000 - 0x00007fff35236000 	C:\Users\griff\.p2\pool\plugins\org.eclipse.justj.openjdk.hotspot.jre.full.win32.x86_64_20.0.2.v20230801-2057\jre\bin\freetype.dll
0x00007fff2aaf0000 - 0x00007fff2abc3000 	C:\Users\griff\.p2\pool\plugins\org.eclipse.justj.openjdk.hotspot.jre.full.win32.x86_64_20.0.2.v20230801-2057\jre\bin\fontmanager.dll
0x00007fff6c530000 - 0x00007fff6c67a000 	C:\windows\SYSTEM32\textinputframework.dll
0x00007fff80b50000 - 0x00007fff80c83000 	C:\windows\SYSTEM32\CoreMessaging.dll
0x00007fff7d9a0000 - 0x00007fff7dd0c000 	C:\windows\SYSTEM32\CoreUIComponents.dll
0x00007fff838c0000 - 0x00007fff838cc000 	C:\windows\SYSTEM32\CRYPTBASE.DLL

dbghelp: loaded successfully - version: 4.0.5 - missing functions: none
symbol engine: initialized successfully - sym options: 0x614 - pdb path: .;C:\Users\griff\.p2\pool\plugins\org.eclipse.justj.openjdk.hotspot.jre.full.win32.x86_64_20.0.2.v20230801-2057\jre\bin;C:\windows\SYSTEM32;C:\windows\WinSxS\amd64_microsoft.windows.common-controls_6595b64144ccf1df_6.0.22621.2361_none_2712ced57382f843;C:\Users\griff\.p2\pool\plugins\org.eclipse.justj.openjdk.hotspot.jre.full.win32.x86_64_20.0.2.v20230801-2057\jre\bin\server

VM Arguments:
jvm_args: -Dfile.encoding=windows-1252 -Dstdout.encoding=windows-1252 -Dstderr.encoding=windows-1252 -XX:+ShowCodeDetailsInExceptionMessages 
java_command: TurtleDrawShapes
java_class_path (initial): C:\Users\griff\dev\2\apcsa\Lesson 4.2(3)\bin;C:\Users\griff\Downloads\Turtle.jar
Launcher Type: SUN_STANDARD

[Global flags]
     intx CICompilerCount                          = 4                                         {product} {ergonomic}
     uint ConcGCThreads                            = 2                                         {product} {ergonomic}
     uint G1ConcRefinementThreads                  = 8                                         {product} {ergonomic}
   size_t G1HeapRegionSize                         = 2097152                                   {product} {ergonomic}
    uintx GCDrainStackTargetSize                   = 64                                        {product} {ergonomic}
   size_t InitialHeapSize                          = 264241152                                 {product} {ergonomic}
   size_t MarkStackSize                            = 4194304                                   {product} {ergonomic}
   size_t MaxHeapSize                              = 4227858432                                {product} {ergonomic}
   size_t MaxNewSize                               = 2535456768                                {product} {ergonomic}
   size_t MinHeapDeltaBytes                        = 2097152                                   {product} {ergonomic}
   size_t MinHeapSize                              = 8388608                                   {product} {ergonomic}
    uintx NonNMethodCodeHeapSize                   = 5839372                                {pd product} {ergonomic}
    uintx NonProfiledCodeHeapSize                  = 122909434                              {pd product} {ergonomic}
    uintx ProfiledCodeHeapSize                     = 122909434                              {pd product} {ergonomic}
    uintx ReservedCodeCacheSize                    = 251658240                              {pd product} {ergonomic}
     bool SegmentedCodeCache                       = true                                      {product} {ergonomic}
     bool ShowCodeDetailsInExceptionMessages       = true                                   {manageable} {command line}
   size_t SoftMaxHeapSize                          = 4227858432                             {manageable} {ergonomic}
     bool UseCompressedClassPointers               = true                           {product lp64_product} {ergonomic}
     bool UseCompressedOops                        = true                           {product lp64_product} {ergonomic}
     bool UseG1GC                                  = true                                      {product} {ergonomic}
     bool UseLargePagesIndividualAllocation        = false                                  {pd product} {ergonomic}

Logging:
Log output configuration:
 #0: stdout all=warning uptime,level,tags foldmultilines=false
 #1: stderr all=off uptime,level,tags foldmultilines=false

Environment Variables:
PATH=C:/Users/griff/.p2/pool/plugins/org.eclipse.justj.openjdk.hotspot.jre.full.win32.x86_64_20.0.2.v20230801-2057/jre/bin/server;C:/Users/griff/.p2/pool/plugins/org.eclipse.justj.openjdk.hotspot.jre.full.win32.x86_64_20.0.2.v20230801-2057/jre/bin;C:\windows\system32;C:\windows;C:\windows\System32\Wbem;C:\windows\System32\WindowsPowerShell\v1.0\;C:\windows\System32\OpenSSH\;C:\Program Files\dotnet\;C:\Program Files\Microsoft VS Code\bin;C:\Program Files\Microsoft SQL Server\150\Tools\Binn\;C:\Program Files\Microsoft SQL Server\Client SDK\ODBC\170\Tools\Binn\;C:\Program Files\nodejs\;C:\Program Files\Git\cmd;C:\Program Files\Java\jdk-20.0.2\bin;C:\Program Files\Cloudflare\Cloudflare WARP\;C:\Users\griff\AppData\Local\Programs\Python\Python311\Scripts\;C:\Users\griff\AppData\Local\Programs\Python\Python311\;C:\Users\griff\AppData\Local\Microsoft\WindowsApps;C:\Users\griff\.dotnet\tools;C:\Users\griff\AppData\Roaming\npm;C:\Users\griff\AppData\Local\Microsoft\WinGet\Links;C:\Program Files\Java\jdk-20.0.2\bin;;C:\Users\griff\eclipse\java-2023-03\eclipse;
USERNAME=griffin
OS=Windows_NT
PROCESSOR_IDENTIFIER=Intel64 Family 6 Model 140 Stepping 1, GenuineIntel
TMP=C:\Users\griff\AppData\Local\Temp
TEMP=C:\Users\griff\AppData\Local\Temp




---------------  S Y S T E M  ---------------

OS:
 Windows 11 , 64 bit Build 22621 (10.0.22621.2428)
OS uptime: 0 days 1:14 hours
Hyper-V role detected

CPU: total 8 (initial active 8) (4 cores per cpu, 2 threads per core) family 6 model 140 stepping 1 microcode 0xac, cx8, cmov, fxsr, ht, mmx, 3dnowpref, sse, sse2, sse3, ssse3, sse4.1, sse4.2, popcnt, lzcnt, tsc, tscinvbit, avx, avx2, aes, erms, clmul, bmi1, bmi2, adx, avx512f, avx512dq, avx512cd, avx512bw, avx512vl, sha, fma, vzeroupper, avx512_vpopcntdq, avx512_vpclmulqdq, avx512_vaes, avx512_vnni, clflush, clflushopt, clwb, avx512_vbmi2, avx512_vbmi, hv, rdtscp, rdpid, fsrm, gfni, avx512_bitalg, f16c, cet_ibt, cet_ss, avx512_ifma

Memory: 4k page, system-wide physical 16126M (368M free)
TotalPageFile size 42501M (AvailPageFile size 208M)
current process WorkingSet (physical memory assigned to process): 399M, peak: 399M
current process commit charge ("private bytes"): 438M, peak: 1118M

vm_info: OpenJDK 64-Bit Server VM (20.0.2+9) for windows-amd64 JRE (20.0.2+9), built on 2023-07-18T00:00:00Z by "admin" with MS VC++ 16.10 / 16.11 (VS2019)

END.
