#
# There is insufficient memory for the Java Runtime Environment to continue.
# Native memory allocation (mmap) failed to map 312475648 bytes for G1 virtual space
# Possible reasons:
#   The system is out of physical RAM or swap space
#   The process is running with CompressedOops enabled, and the Java Heap may be blocking the growth of the native heap
# Possible solutions:
#   Reduce memory load on the system
#   Increase physical memory or swap space
#   Check if swap backing store is full
#   Decrease Java heap size (-Xmx/-Xms)
#   Decrease number of Java threads
#   Decrease Java thread stack sizes (-Xss)
#   Set larger code cache with -XX:ReservedCodeCacheSize=
#   JVM is running with Zero Based Compressed Oops mode in which the Java heap is
#     placed in the first 32GB address space. The Java Heap base address is the
#     maximum limit for the native heap growth. Please use -XX:HeapBaseMinAddress
#     to set the Java Heap base and to place the Java Heap above 32GB virtual address.
# This output file may be truncated or incomplete.
#
#  Out of Memory Error (os_windows.cpp:3528), pid=23984, tid=25556
#
# JRE version: OpenJDK Runtime Environment Temurin-20.0.2+9 (20.0.2+9) (build 20.0.2+9)
# Java VM: OpenJDK 64-Bit Server VM Temurin-20.0.2+9 (20.0.2+9, mixed mode, tiered, compressed oops, compressed class ptrs, g1 gc, windows-amd64)
# No core dump will be written. Minidumps are not enabled by default on client versions of Windows
#

---------------  S U M M A R Y ------------

Command Line: -Dfile.encoding=windows-1252 -Dstdout.encoding=windows-1252 -Dstderr.encoding=windows-1252 -XX:+ShowCodeDetailsInExceptionMessages TurtleDrawShapes

Host: 11th Gen Intel(R) Core(TM) i7-1165G7 @ 2.80GHz, 8 cores, 15G,  Windows 11 , 64 bit Build 22621 (10.0.22621.2428)
Time: Fri Nov  3 12:37:49 2023 Eastern Daylight Time elapsed time: 7.539500 seconds (0d 0h 0m 7s)

---------------  T H R E A D  ---------------

Current thread (0x000001a19dbde4c0):  VMThread "VM Thread" [stack: 0x0000009a8e900000,0x0000009a8ea00000] [id=25556]

Stack: [0x0000009a8e900000,0x0000009a8ea00000]
Native frames: (J=compiled Java code, j=interpreted, Vv=VM code, C=native code)
V  [jvm.dll+0x6c4a1a]
V  [jvm.dll+0x8a341c]
V  [jvm.dll+0x8a5025]
V  [jvm.dll+0x8a5723]
V  [jvm.dll+0x284aff]
V  [jvm.dll+0x6c1799]
V  [jvm.dll+0x6b627a]
V  [jvm.dll+0x360e2d]
V  [jvm.dll+0x368fa6]
V  [jvm.dll+0x3b9f0e]
V  [jvm.dll+0x3ba185]
V  [jvm.dll+0x33142a]
V  [jvm.dll+0x3314d7]
V  [jvm.dll+0x379aa2]
V  [jvm.dll+0x378251]
V  [jvm.dll+0x330b11]
V  [jvm.dll+0x377936]
V  [jvm.dll+0x8aacde]
V  [jvm.dll+0x8abdf1]
V  [jvm.dll+0x8ac2f9]
V  [jvm.dll+0x8ac563]
V  [jvm.dll+0x84f596]
V  [jvm.dll+0x6c367b]
C  [ucrtbase.dll+0x29363]
C  [KERNEL32.DLL+0x1257d]
C  [ntdll.dll+0x5aa78]

VM_Operation (0x0000009a8e3fee50): G1CollectForAllocation, mode: safepoint, requested by thread 0x000001a182de90c0


---------------  P R O C E S S  ---------------

Threads class SMR info:
_java_thread_list=0x000001a1a22bf880, length=15, elements={
0x000001a182de90c0, 0x000001a1a1c25740, 0x000001a1a1c2a640, 0x000001a1a1c735b0,
0x000001a1a1c750f0, 0x000001a1a1c75f30, 0x000001a1a1c5d650, 0x000001a1a1c5e4e0,
0x000001a1a1c60c30, 0x000001a19db5bf00, 0x000001a1a1dfc940, 0x000001a1a1f42bc0,
0x000001a1a1f43110, 0x000001a1a225baa0, 0x000001a1a2314c20
}

Java Threads: ( => current thread )
  0x000001a182de90c0 JavaThread "main" [_thread_blocked, id=19160, stack(0x0000009a8e300000,0x0000009a8e400000)]
  0x000001a1a1c25740 JavaThread "Reference Handler" daemon [_thread_blocked, id=27580, stack(0x0000009a8ea00000,0x0000009a8eb00000)]
  0x000001a1a1c2a640 JavaThread "Finalizer" daemon [_thread_blocked, id=20600, stack(0x0000009a8eb00000,0x0000009a8ec00000)]
  0x000001a1a1c735b0 JavaThread "Signal Dispatcher" daemon [_thread_blocked, id=23876, stack(0x0000009a8ec00000,0x0000009a8ed00000)]
  0x000001a1a1c750f0 JavaThread "Attach Listener" daemon [_thread_blocked, id=1156, stack(0x0000009a8ed00000,0x0000009a8ee00000)]
  0x000001a1a1c75f30 JavaThread "Service Thread" daemon [_thread_blocked, id=24956, stack(0x0000009a8ee00000,0x0000009a8ef00000)]
  0x000001a1a1c5d650 JavaThread "Monitor Deflation Thread" daemon [_thread_blocked, id=14284, stack(0x0000009a8ef00000,0x0000009a8f000000)]
  0x000001a1a1c5e4e0 JavaThread "C2 CompilerThread0" daemon [_thread_blocked, id=25780, stack(0x0000009a8f000000,0x0000009a8f100000)]
  0x000001a1a1c60c30 JavaThread "C1 CompilerThread0" daemon [_thread_blocked, id=23868, stack(0x0000009a8f100000,0x0000009a8f200000)]
  0x000001a19db5bf00 JavaThread "Notification Thread" daemon [_thread_blocked, id=5896, stack(0x0000009a8f200000,0x0000009a8f300000)]
  0x000001a1a1dfc940 JavaThread "Common-Cleaner" daemon [_thread_blocked, id=3208, stack(0x0000009a8f400000,0x0000009a8f500000)]
  0x000001a1a1f42bc0 JavaThread "Java2D Disposer" daemon [_thread_blocked, id=20200, stack(0x0000009a8f500000,0x0000009a8f600000)]
  0x000001a1a1f43110 JavaThread "AWT-Shutdown" [_thread_blocked, id=23728, stack(0x0000009a8f600000,0x0000009a8f700000)]
  0x000001a1a225baa0 JavaThread "AWT-Windows" daemon [_thread_in_native, id=18396, stack(0x0000009a8f700000,0x0000009a8f800000)]
  0x000001a1a2314c20 JavaThread "AWT-EventQueue-0" [_thread_blocked, id=23748, stack(0x0000009a8f800000,0x0000009a8f900000)]

Other Threads:
=>0x000001a19dbde4c0 VMThread "VM Thread" [stack: 0x0000009a8e900000,0x0000009a8ea00000] [id=25556]
  0x000001a19db5c450 WatcherThread "VM Periodic Task Thread" [stack: 0x0000009a8f300000,0x0000009a8f400000] [id=1660]
  0x000001a182e5b060 WorkerThread "GC Thread#0" [stack: 0x0000009a8e400000,0x0000009a8e500000] [id=11248]
  0x000001a1a242dd00 WorkerThread "GC Thread#1" [stack: 0x0000009a8f900000,0x0000009a8fa00000] [id=7056]
  0x000001a1a2405010 WorkerThread "GC Thread#2" [stack: 0x0000009a8fa00000,0x0000009a8fb00000] [id=12956]
  0x000001a1a24052e0 WorkerThread "GC Thread#3" [stack: 0x0000009a8fb00000,0x0000009a8fc00000] [id=18988]
  0x000001a1a24055b0 WorkerThread "GC Thread#4" [stack: 0x0000009a8fc00000,0x0000009a8fd00000] [id=2620]
  0x000001a1a2405880 WorkerThread "GC Thread#5" [stack: 0x0000009a8fd00000,0x0000009a8fe00000] [id=27284]
  0x000001a1a242bdc0 WorkerThread "GC Thread#6" [stack: 0x0000009a8fe00000,0x0000009a8ff00000] [id=25644]
  0x000001a1a2414100 WorkerThread "GC Thread#7" [stack: 0x0000009a8ff00000,0x0000009a90000000] [id=22400]
  0x000001a182e6bd10 ConcurrentGCThread "G1 Main Marker" [stack: 0x0000009a8e500000,0x0000009a8e600000] [id=22008]
  0x000001a182e6cee0 WorkerThread "G1 Conc#0" [stack: 0x0000009a8e600000,0x0000009a8e700000] [id=27104]
  0x000001a1a2412a80 WorkerThread "G1 Conc#1" [stack: 0x0000009a90000000,0x0000009a90100000] [id=24364]
  0x000001a182eae980 ConcurrentGCThread "G1 Refine#0" [stack: 0x0000009a8e700000,0x0000009a8e800000] [id=26708]
  0x000001a19da326b0 ConcurrentGCThread "G1 Service" [stack: 0x0000009a8e800000,0x0000009a8e900000] [id=18840]

Threads with active compile tasks:

VM state: at safepoint (normal execution)

VM Mutex/Monitor currently owned by a thread:  ([mutex/lock_event])
[0x000001a182de3c30] Threads_lock - owner thread: 0x000001a19dbde4c0
[0x000001a182de3de0] Heap_lock - owner thread: 0x000001a182de90c0

Heap address: 0x0000000704000000, size: 4032 MB, Compressed Oops mode: Zero based, Oop shift amount: 3

CDS archive(s) not mapped
Compressed class space mapped at: 0x0000000800000000-0x0000000840000000, reserved size: 1073741824
Narrow klass base: 0x0000000800000000, Narrow klass shift: 0, Narrow klass range: 0x40000000

GC Precious Log:
 CardTable entry size: 512
 Card Set container configuration: InlinePtr #cards 4 size 8 Array Of Cards #cards 16 size 48 Howl #buckets 8 coarsen threshold 3686 Howl Bitmap #cards 512 size 80 coarsen threshold 460 Card regions per heap region 1 cards per card region 4096
 CPUs: 8 total, 8 available
 Memory: 16126M
 Large Page Support: Disabled
 NUMA Support: Disabled
 Compressed Oops: Enabled (Zero based)
 Heap Region Size: 2M
 Heap Min Capacity: 8M
 Heap Initial Capacity: 252M
 Heap Max Capacity: 4032M
 Pre-touch: Disabled
 Parallel Workers: 8
 Concurrent Workers: 2
 Concurrent Refinement Workers: 8
 Periodic GC: Disabled

Heap:
 garbage-first heap   total 358400K, used 312320K [0x0000000704000000, 0x0000000800000000)
  region size 2048K, 3 young (6144K), 3 survivors (6144K)
 Metaspace       used 13194K, committed 13376K, reserved 1114112K
  class space    used 1232K, committed 1344K, reserved 1048576K

Heap Regions: E=young(eden), S=young(survivor), O=old, HS=humongous(starts), HC=humongous(continues), CS=collection set, F=free, OA=open archive, CA=closed archive, TAMS=top-at-mark-start, PB=parsable bottom
|   0|0x0000000704000000, 0x0000000704200000, 0x0000000704200000|100%| O|  |TAMS 0x0000000704000000| PB 0x0000000704000000| Untracked 
|   1|0x0000000704200000, 0x0000000704400000, 0x0000000704400000|100%| O|  |TAMS 0x0000000704200000| PB 0x0000000704200000| Untracked 
|   2|0x0000000704400000, 0x0000000704600000, 0x0000000704600000|100%| O|  |TAMS 0x0000000704400000| PB 0x0000000704400000| Untracked 
|   3|0x0000000704600000, 0x0000000704800000, 0x0000000704800000|100%| O|  |TAMS 0x0000000704600000| PB 0x0000000704600000| Untracked 
|   4|0x0000000704800000, 0x0000000704a00000, 0x0000000704a00000|100%| O|  |TAMS 0x0000000704800000| PB 0x0000000704800000| Untracked 
|   5|0x0000000704a00000, 0x0000000704c00000, 0x0000000704c00000|100%| O|  |TAMS 0x0000000704a00000| PB 0x0000000704a00000| Untracked 
|   6|0x0000000704c00000, 0x0000000704e00000, 0x0000000704e00000|100%| O|  |TAMS 0x0000000704c00000| PB 0x0000000704c00000| Untracked 
|   7|0x0000000704e00000, 0x0000000705000000, 0x0000000705000000|100%| O|  |TAMS 0x0000000704e00000| PB 0x0000000704e00000| Untracked 
|   8|0x0000000705000000, 0x0000000705200000, 0x0000000705200000|100%| O|  |TAMS 0x0000000705000000| PB 0x0000000705000000| Untracked 
|   9|0x0000000705200000, 0x0000000705400000, 0x0000000705400000|100%| O|  |TAMS 0x0000000705200000| PB 0x0000000705200000| Untracked 
|  10|0x0000000705400000, 0x0000000705600000, 0x0000000705600000|100%| O|  |TAMS 0x0000000705400000| PB 0x0000000705400000| Untracked 
|  11|0x0000000705600000, 0x0000000705800000, 0x0000000705800000|100%| O|  |TAMS 0x0000000705600000| PB 0x0000000705600000| Untracked 
|  12|0x0000000705800000, 0x0000000705a00000, 0x0000000705a00000|100%| O|  |TAMS 0x0000000705800000| PB 0x0000000705800000| Untracked 
|  13|0x0000000705a00000, 0x0000000705c00000, 0x0000000705c00000|100%| O|  |TAMS 0x0000000705a00000| PB 0x0000000705a00000| Untracked 
|  14|0x0000000705c00000, 0x0000000705e00000, 0x0000000705e00000|100%| O|  |TAMS 0x0000000705c00000| PB 0x0000000705c00000| Untracked 
|  15|0x0000000705e00000, 0x0000000706000000, 0x0000000706000000|100%| O|  |TAMS 0x0000000705e00000| PB 0x0000000705e00000| Untracked 
|  16|0x0000000706000000, 0x0000000706200000, 0x0000000706200000|100%| O|  |TAMS 0x0000000706000000| PB 0x0000000706000000| Untracked 
|  17|0x0000000706200000, 0x0000000706400000, 0x0000000706400000|100%| O|  |TAMS 0x0000000706200000| PB 0x0000000706200000| Untracked 
|  18|0x0000000706400000, 0x0000000706600000, 0x0000000706600000|100%|HS|  |TAMS 0x0000000706400000| PB 0x0000000706400000| Complete 
|  19|0x0000000706600000, 0x0000000706800000, 0x0000000706800000|100%|HC|  |TAMS 0x0000000706600000| PB 0x0000000706600000| Complete 
|  20|0x0000000706800000, 0x0000000706a00000, 0x0000000706a00000|100%|HC|  |TAMS 0x0000000706800000| PB 0x0000000706800000| Complete 
|  21|0x0000000706a00000, 0x0000000706c00000, 0x0000000706c00000|100%|HC|  |TAMS 0x0000000706a00000| PB 0x0000000706a00000| Complete 
|  22|0x0000000706c00000, 0x0000000706e00000, 0x0000000706e00000|100%|HC|  |TAMS 0x0000000706c00000| PB 0x0000000706c00000| Complete 
|  23|0x0000000706e00000, 0x0000000707000000, 0x0000000707000000|100%|HC|  |TAMS 0x0000000706e00000| PB 0x0000000706e00000| Complete 
|  24|0x0000000707000000, 0x0000000707200000, 0x0000000707200000|100%| O|  |TAMS 0x0000000707000000| PB 0x0000000707000000| Untracked 
|  25|0x0000000707200000, 0x0000000707400000, 0x0000000707400000|100%| O|  |TAMS 0x0000000707200000| PB 0x0000000707200000| Untracked 
|  26|0x0000000707400000, 0x0000000707600000, 0x0000000707600000|100%| O|  |TAMS 0x0000000707400000| PB 0x0000000707400000| Untracked 
|  27|0x0000000707600000, 0x0000000707800000, 0x0000000707800000|100%| O|  |TAMS 0x0000000707600000| PB 0x0000000707600000| Untracked 
|  28|0x0000000707800000, 0x0000000707a00000, 0x0000000707a00000|100%| O|  |TAMS 0x0000000707800000| PB 0x0000000707800000| Untracked 
|  29|0x0000000707a00000, 0x0000000707c00000, 0x0000000707c00000|100%| O|  |TAMS 0x0000000707a00000| PB 0x0000000707a00000| Untracked 
|  30|0x0000000707c00000, 0x0000000707e00000, 0x0000000707e00000|100%| O|  |TAMS 0x0000000707c00000| PB 0x0000000707c00000| Untracked 
|  31|0x0000000707e00000, 0x0000000708000000, 0x0000000708000000|100%| O|  |TAMS 0x0000000707e00000| PB 0x0000000707e00000| Untracked 
|  32|0x0000000708000000, 0x0000000708200000, 0x0000000708200000|100%| O|  |TAMS 0x0000000708000000| PB 0x0000000708000000| Untracked 
|  33|0x0000000708200000, 0x0000000708400000, 0x0000000708400000|100%| O|  |TAMS 0x0000000708200000| PB 0x0000000708200000| Untracked 
|  34|0x0000000708400000, 0x0000000708600000, 0x0000000708600000|100%| O|  |TAMS 0x0000000708400000| PB 0x0000000708400000| Untracked 
|  35|0x0000000708600000, 0x0000000708800000, 0x0000000708800000|100%| O|  |TAMS 0x0000000708600000| PB 0x0000000708600000| Untracked 
|  36|0x0000000708800000, 0x0000000708a00000, 0x0000000708a00000|100%| O|  |TAMS 0x0000000708800000| PB 0x0000000708800000| Untracked 
|  37|0x0000000708a00000, 0x0000000708c00000, 0x0000000708c00000|100%| O|  |TAMS 0x0000000708a00000| PB 0x0000000708a00000| Untracked 
|  38|0x0000000708c00000, 0x0000000708e00000, 0x0000000708e00000|100%| O|  |TAMS 0x0000000708c00000| PB 0x0000000708c00000| Untracked 
|  39|0x0000000708e00000, 0x0000000709000000, 0x0000000709000000|100%| O|  |TAMS 0x0000000708e00000| PB 0x0000000708e00000| Untracked 
|  40|0x0000000709000000, 0x0000000709200000, 0x0000000709200000|100%| O|  |TAMS 0x0000000709000000| PB 0x0000000709000000| Untracked 
|  41|0x0000000709200000, 0x0000000709400000, 0x0000000709400000|100%| O|  |TAMS 0x0000000709200000| PB 0x0000000709200000| Untracked 
|  42|0x0000000709400000, 0x0000000709600000, 0x0000000709600000|100%| O|  |TAMS 0x0000000709400000| PB 0x0000000709400000| Untracked 
|  43|0x0000000709600000, 0x0000000709800000, 0x0000000709800000|100%| O|  |TAMS 0x0000000709600000| PB 0x0000000709600000| Untracked 
|  44|0x0000000709800000, 0x0000000709a00000, 0x0000000709a00000|100%| O|  |TAMS 0x0000000709800000| PB 0x0000000709800000| Untracked 
|  45|0x0000000709a00000, 0x0000000709c00000, 0x0000000709c00000|100%| O|  |TAMS 0x0000000709a00000| PB 0x0000000709a00000| Untracked 
|  46|0x0000000709c00000, 0x0000000709e00000, 0x0000000709e00000|100%| O|  |TAMS 0x0000000709c00000| PB 0x0000000709c00000| Untracked 
|  47|0x0000000709e00000, 0x000000070a000000, 0x000000070a000000|100%| O|  |TAMS 0x0000000709e00000| PB 0x0000000709e00000| Untracked 
|  48|0x000000070a000000, 0x000000070a200000, 0x000000070a200000|100%| O|  |TAMS 0x000000070a000000| PB 0x000000070a000000| Untracked 
|  49|0x000000070a200000, 0x000000070a400000, 0x000000070a400000|100%| O|  |TAMS 0x000000070a200000| PB 0x000000070a200000| Untracked 
|  50|0x000000070a400000, 0x000000070a600000, 0x000000070a600000|100%| O|  |TAMS 0x000000070a400000| PB 0x000000070a400000| Untracked 
|  51|0x000000070a600000, 0x000000070a800000, 0x000000070a800000|100%| O|  |TAMS 0x000000070a600000| PB 0x000000070a600000| Untracked 
|  52|0x000000070a800000, 0x000000070aa00000, 0x000000070aa00000|100%| O|  |TAMS 0x000000070a800000| PB 0x000000070a800000| Untracked 
|  53|0x000000070aa00000, 0x000000070ac00000, 0x000000070ac00000|100%| O|  |TAMS 0x000000070aa00000| PB 0x000000070aa00000| Untracked 
|  54|0x000000070ac00000, 0x000000070ae00000, 0x000000070ae00000|100%| O|  |TAMS 0x000000070ac00000| PB 0x000000070ac00000| Untracked 
|  55|0x000000070ae00000, 0x000000070b000000, 0x000000070b000000|100%| O|  |TAMS 0x000000070ae00000| PB 0x000000070ae00000| Untracked 
|  56|0x000000070b000000, 0x000000070b200000, 0x000000070b200000|100%| O|  |TAMS 0x000000070b000000| PB 0x000000070b000000| Untracked 
|  57|0x000000070b200000, 0x000000070b400000, 0x000000070b400000|100%| O|  |TAMS 0x000000070b200000| PB 0x000000070b200000| Untracked 
|  58|0x000000070b400000, 0x000000070b600000, 0x000000070b600000|100%| O|  |TAMS 0x000000070b400000| PB 0x000000070b400000| Untracked 
|  59|0x000000070b600000, 0x000000070b800000, 0x000000070b800000|100%| O|  |TAMS 0x000000070b600000| PB 0x000000070b600000| Untracked 
|  60|0x000000070b800000, 0x000000070ba00000, 0x000000070ba00000|100%| O|  |TAMS 0x000000070b800000| PB 0x000000070b800000| Untracked 
|  61|0x000000070ba00000, 0x000000070bc00000, 0x000000070bc00000|100%| O|  |TAMS 0x000000070ba00000| PB 0x000000070ba00000| Untracked 
|  62|0x000000070bc00000, 0x000000070be00000, 0x000000070be00000|100%| O|  |TAMS 0x000000070bc00000| PB 0x000000070bc00000| Untracked 
|  63|0x000000070be00000, 0x000000070c000000, 0x000000070c000000|100%| O|  |TAMS 0x000000070be00000| PB 0x000000070be00000| Untracked 
|  64|0x000000070c000000, 0x000000070c200000, 0x000000070c200000|100%| O|  |TAMS 0x000000070c000000| PB 0x000000070c000000| Untracked 
|  65|0x000000070c200000, 0x000000070c400000, 0x000000070c400000|100%| O|  |TAMS 0x000000070c200000| PB 0x000000070c200000| Untracked 
|  66|0x000000070c400000, 0x000000070c600000, 0x000000070c600000|100%| O|  |TAMS 0x000000070c400000| PB 0x000000070c400000| Untracked 
|  67|0x000000070c600000, 0x000000070c800000, 0x000000070c800000|100%| O|  |TAMS 0x000000070c600000| PB 0x000000070c600000| Untracked 
|  68|0x000000070c800000, 0x000000070ca00000, 0x000000070ca00000|100%| O|  |TAMS 0x000000070c800000| PB 0x000000070c800000| Untracked 
|  69|0x000000070ca00000, 0x000000070cc00000, 0x000000070cc00000|100%| O|  |TAMS 0x000000070ca00000| PB 0x000000070ca00000| Untracked 
|  70|0x000000070cc00000, 0x000000070ce00000, 0x000000070ce00000|100%| O|  |TAMS 0x000000070cc00000| PB 0x000000070cc00000| Untracked 
|  71|0x000000070ce00000, 0x000000070d000000, 0x000000070d000000|100%| O|  |TAMS 0x000000070ce00000| PB 0x000000070ce00000| Untracked 
|  72|0x000000070d000000, 0x000000070d200000, 0x000000070d200000|100%| O|  |TAMS 0x000000070d000000| PB 0x000000070d000000| Untracked 
|  73|0x000000070d200000, 0x000000070d400000, 0x000000070d400000|100%| O|  |TAMS 0x000000070d200000| PB 0x000000070d200000| Untracked 
|  74|0x000000070d400000, 0x000000070d600000, 0x000000070d600000|100%| O|  |TAMS 0x000000070d400000| PB 0x000000070d400000| Untracked 
|  75|0x000000070d600000, 0x000000070d800000, 0x000000070d800000|100%| O|  |TAMS 0x000000070d600000| PB 0x000000070d600000| Untracked 
|  76|0x000000070d800000, 0x000000070da00000, 0x000000070da00000|100%| O|  |TAMS 0x000000070d800000| PB 0x000000070d800000| Untracked 
|  77|0x000000070da00000, 0x000000070dc00000, 0x000000070dc00000|100%| O|  |TAMS 0x000000070da00000| PB 0x000000070da00000| Untracked 
|  78|0x000000070dc00000, 0x000000070de00000, 0x000000070de00000|100%| O|  |TAMS 0x000000070dc00000| PB 0x000000070dc00000| Untracked 
|  79|0x000000070de00000, 0x000000070e000000, 0x000000070e000000|100%| O|  |TAMS 0x000000070de00000| PB 0x000000070de00000| Untracked 
|  80|0x000000070e000000, 0x000000070e200000, 0x000000070e200000|100%|HS|  |TAMS 0x000000070e000000| PB 0x000000070e000000| Complete 
|  81|0x000000070e200000, 0x000000070e400000, 0x000000070e400000|100%|HC|  |TAMS 0x000000070e200000| PB 0x000000070e200000| Complete 
|  82|0x000000070e400000, 0x000000070e600000, 0x000000070e600000|100%|HC|  |TAMS 0x000000070e400000| PB 0x000000070e400000| Complete 
|  83|0x000000070e600000, 0x000000070e800000, 0x000000070e800000|100%|HC|  |TAMS 0x000000070e600000| PB 0x000000070e600000| Complete 
|  84|0x000000070e800000, 0x000000070ea00000, 0x000000070ea00000|100%|HC|  |TAMS 0x000000070e800000| PB 0x000000070e800000| Complete 
|  85|0x000000070ea00000, 0x000000070ec00000, 0x000000070ec00000|100%|HC|  |TAMS 0x000000070ea00000| PB 0x000000070ea00000| Complete 
|  86|0x000000070ec00000, 0x000000070ee00000, 0x000000070ee00000|100%|HC|  |TAMS 0x000000070ec00000| PB 0x000000070ec00000| Complete 
|  87|0x000000070ee00000, 0x000000070f000000, 0x000000070f000000|100%|HC|  |TAMS 0x000000070ee00000| PB 0x000000070ee00000| Complete 
|  88|0x000000070f000000, 0x000000070f200000, 0x000000070f200000|100%| O|  |TAMS 0x000000070f000000| PB 0x000000070f000000| Untracked 
|  89|0x000000070f200000, 0x000000070f400000, 0x000000070f400000|100%| O|  |TAMS 0x000000070f200000| PB 0x000000070f200000| Untracked 
|  90|0x000000070f400000, 0x000000070f600000, 0x000000070f600000|100%| O|  |TAMS 0x000000070f400000| PB 0x000000070f400000| Untracked 
|  91|0x000000070f600000, 0x000000070f800000, 0x000000070f800000|100%| O|  |TAMS 0x000000070f600000| PB 0x000000070f600000| Untracked 
|  92|0x000000070f800000, 0x000000070fa00000, 0x000000070fa00000|100%| O|  |TAMS 0x000000070f800000| PB 0x000000070f800000| Untracked 
|  93|0x000000070fa00000, 0x000000070fc00000, 0x000000070fc00000|100%| O|  |TAMS 0x000000070fa00000| PB 0x000000070fa00000| Untracked 
|  94|0x000000070fc00000, 0x000000070fe00000, 0x000000070fe00000|100%| O|  |TAMS 0x000000070fc00000| PB 0x000000070fc00000| Untracked 
|  95|0x000000070fe00000, 0x0000000710000000, 0x0000000710000000|100%| O|  |TAMS 0x000000070fe00000| PB 0x000000070fe00000| Untracked 
|  96|0x0000000710000000, 0x0000000710200000, 0x0000000710200000|100%|HS|  |TAMS 0x0000000710000000| PB 0x0000000710000000| Complete 
|  97|0x0000000710200000, 0x0000000710400000, 0x0000000710400000|100%|HC|  |TAMS 0x0000000710200000| PB 0x0000000710200000| Complete 
|  98|0x0000000710400000, 0x0000000710600000, 0x0000000710600000|100%|HC|  |TAMS 0x0000000710400000| PB 0x0000000710400000| Complete 
|  99|0x0000000710600000, 0x0000000710800000, 0x0000000710800000|100%|HC|  |TAMS 0x0000000710600000| PB 0x0000000710600000| Complete 
| 100|0x0000000710800000, 0x0000000710a00000, 0x0000000710a00000|100%|HC|  |TAMS 0x0000000710800000| PB 0x0000000710800000| Complete 
| 101|0x0000000710a00000, 0x0000000710c00000, 0x0000000710c00000|100%|HC|  |TAMS 0x0000000710a00000| PB 0x0000000710a00000| Complete 
| 102|0x0000000710c00000, 0x0000000710e00000, 0x0000000710e00000|100%|HC|  |TAMS 0x0000000710c00000| PB 0x0000000710c00000| Complete 
| 103|0x0000000710e00000, 0x0000000711000000, 0x0000000711000000|100%|HC|  |TAMS 0x0000000710e00000| PB 0x0000000710e00000| Complete 
| 104|0x0000000711000000, 0x0000000711200000, 0x0000000711200000|100%|HC|  |TAMS 0x0000000711000000| PB 0x0000000711000000| Complete 
| 105|0x0000000711200000, 0x0000000711400000, 0x0000000711400000|100%|HC|  |TAMS 0x0000000711200000| PB 0x0000000711200000| Complete 
| 106|0x0000000711400000, 0x0000000711600000, 0x0000000711600000|100%|HC|  |TAMS 0x0000000711400000| PB 0x0000000711400000| Complete 
| 107|0x0000000711600000, 0x0000000711800000, 0x0000000711800000|100%|HC|  |TAMS 0x0000000711600000| PB 0x0000000711600000| Complete 
| 108|0x0000000711800000, 0x0000000711a00000, 0x0000000711a00000|100%| O|  |TAMS 0x0000000711800000| PB 0x0000000711800000| Untracked 
| 109|0x0000000711a00000, 0x0000000711c00000, 0x0000000711c00000|100%| O|  |TAMS 0x0000000711a00000| PB 0x0000000711a00000| Untracked 
| 110|0x0000000711c00000, 0x0000000711e00000, 0x0000000711e00000|100%| O|  |TAMS 0x0000000711c00000| PB 0x0000000711c00000| Untracked 
| 111|0x0000000711e00000, 0x0000000712000000, 0x0000000712000000|100%| O|  |TAMS 0x0000000711e00000| PB 0x0000000711e00000| Untracked 
| 112|0x0000000712000000, 0x0000000712000000, 0x0000000712200000|  0%| F|  |TAMS 0x0000000712000000| PB 0x0000000712000000| Untracked 
| 113|0x0000000712200000, 0x0000000712200000, 0x0000000712400000|  0%| F|  |TAMS 0x0000000712200000| PB 0x0000000712200000| Untracked 
| 114|0x0000000712400000, 0x0000000712400000, 0x0000000712600000|  0%| F|  |TAMS 0x0000000712400000| PB 0x0000000712400000| Untracked 
| 115|0x0000000712600000, 0x0000000712600000, 0x0000000712800000|  0%| F|  |TAMS 0x0000000712600000| PB 0x0000000712600000| Untracked 
| 116|0x0000000712800000, 0x0000000712800000, 0x0000000712a00000|  0%| F|  |TAMS 0x0000000712800000| PB 0x0000000712800000| Untracked 
| 117|0x0000000712a00000, 0x0000000712c00000, 0x0000000712c00000|100%| O|  |TAMS 0x0000000712a00000| PB 0x0000000712a00000| Untracked 
| 118|0x0000000712c00000, 0x0000000712e00000, 0x0000000712e00000|100%| O|  |TAMS 0x0000000712c00000| PB 0x0000000712c00000| Untracked 
| 119|0x0000000712e00000, 0x0000000713000000, 0x0000000713000000|100%| O|  |TAMS 0x0000000712e00000| PB 0x0000000712e00000| Untracked 
| 120|0x0000000713000000, 0x0000000713200000, 0x0000000713200000|100%| O|  |TAMS 0x0000000713000000| PB 0x0000000713000000| Untracked 
| 121|0x0000000713200000, 0x0000000713400000, 0x0000000713400000|100%| O|  |TAMS 0x0000000713200000| PB 0x0000000713200000| Untracked 
| 122|0x0000000713400000, 0x0000000713600000, 0x0000000713600000|100%| O|  |TAMS 0x0000000713400000| PB 0x0000000713400000| Untracked 
| 123|0x0000000713600000, 0x0000000713800000, 0x0000000713800000|100%| O|  |TAMS 0x0000000713600000| PB 0x0000000713600000| Untracked 
| 124|0x0000000713800000, 0x0000000713a00000, 0x0000000713a00000|100%| O|  |TAMS 0x0000000713800000| PB 0x0000000713800000| Untracked 
| 125|0x0000000713a00000, 0x0000000713c00000, 0x0000000713c00000|100%| O|  |TAMS 0x0000000713a00000| PB 0x0000000713a00000| Untracked 
| 126|0x0000000713c00000, 0x0000000713e00000, 0x0000000713e00000|100%| O|  |TAMS 0x0000000713c00000| PB 0x0000000713c00000| Untracked 
| 127|0x0000000713e00000, 0x0000000714000000, 0x0000000714000000|100%| O|  |TAMS 0x0000000713e00000| PB 0x0000000713e00000| Untracked 
| 128|0x0000000714000000, 0x0000000714200000, 0x0000000714200000|100%| O|  |TAMS 0x0000000714000000| PB 0x0000000714000000| Untracked 
| 129|0x0000000714200000, 0x0000000714400000, 0x0000000714400000|100%| O|  |TAMS 0x0000000714200000| PB 0x0000000714200000| Untracked 
| 130|0x0000000714400000, 0x0000000714600000, 0x0000000714600000|100%| O|  |TAMS 0x0000000714400000| PB 0x0000000714400000| Untracked 
| 131|0x0000000714600000, 0x0000000714800000, 0x0000000714800000|100%| O|  |TAMS 0x0000000714600000| PB 0x0000000714600000| Untracked 
| 132|0x0000000714800000, 0x0000000714900000, 0x0000000714a00000| 50%| O|  |TAMS 0x0000000714800000| PB 0x0000000714800000| Untracked 
| 133|0x0000000714a00000, 0x0000000714c00000, 0x0000000714c00000|100%| S|CS|TAMS 0x0000000714a00000| PB 0x0000000714a00000| Complete 
| 134|0x0000000714c00000, 0x0000000714e00000, 0x0000000714e00000|100%| S|CS|TAMS 0x0000000714c00000| PB 0x0000000714c00000| Complete 
| 135|0x0000000714e00000, 0x0000000715000000, 0x0000000715000000|100%| S|CS|TAMS 0x0000000714e00000| PB 0x0000000714e00000| Complete 
| 136|0x0000000715000000, 0x0000000715000000, 0x0000000715200000|  0%| F|  |TAMS 0x0000000715000000| PB 0x0000000715000000| Untracked 
| 137|0x0000000715200000, 0x0000000715200000, 0x0000000715400000|  0%| F|  |TAMS 0x0000000715200000| PB 0x0000000715200000| Untracked 
| 138|0x0000000715400000, 0x0000000715400000, 0x0000000715600000|  0%| F|  |TAMS 0x0000000715400000| PB 0x0000000715400000| Untracked 
| 139|0x0000000715600000, 0x0000000715600000, 0x0000000715800000|  0%| F|  |TAMS 0x0000000715600000| PB 0x0000000715600000| Untracked 
| 140|0x0000000715800000, 0x0000000715800000, 0x0000000715a00000|  0%| F|  |TAMS 0x0000000715800000| PB 0x0000000715800000| Untracked 
| 141|0x0000000715a00000, 0x0000000715a00000, 0x0000000715c00000|  0%| F|  |TAMS 0x0000000715a00000| PB 0x0000000715a00000| Untracked 
| 142|0x0000000715c00000, 0x0000000715c00000, 0x0000000715e00000|  0%| F|  |TAMS 0x0000000715c00000| PB 0x0000000715c00000| Untracked 
| 143|0x0000000715e00000, 0x0000000715e00000, 0x0000000716000000|  0%| F|  |TAMS 0x0000000715e00000| PB 0x0000000715e00000| Untracked 
| 144|0x0000000716000000, 0x0000000716000000, 0x0000000716200000|  0%| F|  |TAMS 0x0000000716000000| PB 0x0000000716000000| Untracked 
| 145|0x0000000716200000, 0x0000000716200000, 0x0000000716400000|  0%| F|  |TAMS 0x0000000716200000| PB 0x0000000716200000| Untracked 
| 146|0x0000000716400000, 0x0000000716400000, 0x0000000716600000|  0%| F|  |TAMS 0x0000000716400000| PB 0x0000000716400000| Untracked 
| 147|0x0000000716600000, 0x0000000716600000, 0x0000000716800000|  0%| F|  |TAMS 0x0000000716600000| PB 0x0000000716600000| Untracked 
| 148|0x0000000716800000, 0x0000000716800000, 0x0000000716a00000|  0%| F|  |TAMS 0x0000000716800000| PB 0x0000000716800000| Untracked 
| 149|0x0000000716a00000, 0x0000000716a00000, 0x0000000716c00000|  0%| F|  |TAMS 0x0000000716a00000| PB 0x0000000716a00000| Untracked 
| 150|0x0000000716c00000, 0x0000000716c00000, 0x0000000716e00000|  0%| F|  |TAMS 0x0000000716c00000| PB 0x0000000716c00000| Untracked 
| 151|0x0000000716e00000, 0x0000000716e00000, 0x0000000717000000|  0%| F|  |TAMS 0x0000000716e00000| PB 0x0000000716e00000| Untracked 
|1993|0x00000007fd200000, 0x00000007fd200000, 0x00000007fd400000|  0%| F|  |TAMS 0x00000007fd200000| PB 0x00000007fd200000| Untracked 
|1994|0x00000007fd400000, 0x00000007fd600000, 0x00000007fd600000|100%| O|  |TAMS 0x00000007fd400000| PB 0x00000007fd400000| Untracked 
|1995|0x00000007fd600000, 0x00000007fd800000, 0x00000007fd800000|100%| O|  |TAMS 0x00000007fd600000| PB 0x00000007fd600000| Untracked 
|1996|0x00000007fd800000, 0x00000007fda00000, 0x00000007fda00000|100%| O|  |TAMS 0x00000007fd800000| PB 0x00000007fd800000| Untracked 
|1997|0x00000007fda00000, 0x00000007fdc00000, 0x00000007fdc00000|100%| O|  |TAMS 0x00000007fda00000| PB 0x00000007fda00000| Untracked 
|1998|0x00000007fdc00000, 0x00000007fde00000, 0x00000007fde00000|100%| O|  |TAMS 0x00000007fdc00000| PB 0x00000007fdc00000| Untracked 
|1999|0x00000007fde00000, 0x00000007fe000000, 0x00000007fe000000|100%| O|  |TAMS 0x00000007fde00000| PB 0x00000007fde00000| Untracked 
|2000|0x00000007fe000000, 0x00000007fe200000, 0x00000007fe200000|100%| O|  |TAMS 0x00000007fe000000| PB 0x00000007fe000000| Untracked 
|2001|0x00000007fe200000, 0x00000007fe400000, 0x00000007fe400000|100%| O|  |TAMS 0x00000007fe200000| PB 0x00000007fe200000| Untracked 
|2002|0x00000007fe400000, 0x00000007fe600000, 0x00000007fe600000|100%| O|  |TAMS 0x00000007fe400000| PB 0x00000007fe400000| Untracked 
|2003|0x00000007fe600000, 0x00000007fe800000, 0x00000007fe800000|100%| O|  |TAMS 0x00000007fe600000| PB 0x00000007fe600000| Untracked 
|2004|0x00000007fe800000, 0x00000007fea00000, 0x00000007fea00000|100%| O|  |TAMS 0x00000007fe800000| PB 0x00000007fe800000| Untracked 
|2005|0x00000007fea00000, 0x00000007fec00000, 0x00000007fec00000|100%| O|  |TAMS 0x00000007fea00000| PB 0x00000007fea00000| Untracked 
|2006|0x00000007fec00000, 0x00000007fee00000, 0x00000007fee00000|100%| O|  |TAMS 0x00000007fec00000| PB 0x00000007fec00000| Untracked 
|2007|0x00000007fee00000, 0x00000007ff000000, 0x00000007ff000000|100%| O|  |TAMS 0x00000007fee00000| PB 0x00000007fee00000| Untracked 
|2008|0x00000007ff000000, 0x00000007ff200000, 0x00000007ff200000|100%| O|  |TAMS 0x00000007ff000000| PB 0x00000007ff000000| Untracked 
|2009|0x00000007ff200000, 0x00000007ff400000, 0x00000007ff400000|100%| O|  |TAMS 0x00000007ff200000| PB 0x00000007ff200000| Untracked 
|2010|0x00000007ff400000, 0x00000007ff600000, 0x00000007ff600000|100%| O|  |TAMS 0x00000007ff400000| PB 0x00000007ff400000| Untracked 
|2011|0x00000007ff600000, 0x00000007ff800000, 0x00000007ff800000|100%| O|  |TAMS 0x00000007ff600000| PB 0x00000007ff600000| Untracked 
|2012|0x00000007ff800000, 0x00000007ffa00000, 0x00000007ffa00000|100%| O|  |TAMS 0x00000007ff800000| PB 0x00000007ff800000| Untracked 
|2013|0x00000007ffa00000, 0x00000007ffc00000, 0x00000007ffc00000|100%| O|  |TAMS 0x00000007ffa00000| PB 0x00000007ffa00000| Untracked 
|2014|0x00000007ffc00000, 0x00000007ffe00000, 0x00000007ffe00000|100%| O|  |TAMS 0x00000007ffc00000| PB 0x00000007ffc00000| Untracked 
|2015|0x00000007ffe00000, 0x0000000800000000, 0x0000000800000000|100%| O|  |TAMS 0x00000007ffe00000| PB 0x00000007ffe00000| Untracked 

Card table byte_map: [0x000001a196280000,0x000001a196a60000] _byte_map_base: 0x000001a192a60000

Marking Bits: (CMBitMap*) 0x000001a182e5b690
 Bits: [0x000001a197240000, 0x000001a19b140000)

Polling page: 0x000001a1825b0000

Metaspace:

Usage:
  Non-class:     11.68 MB used.
      Class:      1.20 MB used.
       Both:     12.89 MB used.

Virtual space:
  Non-class space:       64.00 MB reserved,      11.75 MB ( 18%) committed,  1 nodes.
      Class space:        1.00 GB reserved,       1.31 MB ( <1%) committed,  1 nodes.
             Both:        1.06 GB reserved,      13.06 MB (  1%) committed. 

Chunk freelists:
   Non-Class:  199.00 KB
       Class:  2.73 MB
        Both:  2.93 MB

MaxMetaspaceSize: unlimited
CompressedClassSpaceSize: 1.00 GB
Initial GC threshold: 21.00 MB
Current GC threshold: 21.81 MB
CDS: off
MetaspaceReclaimPolicy: balanced
 - commit_granule_bytes: 65536.
 - commit_granule_words: 8192.
 - virtual_space_node_default_size: 8388608.
 - enlarge_chunks_in_place: 1.
 - new_chunks_are_fully_committed: 0.
 - uncommit_free_chunks: 1.
 - use_allocation_guard: 0.


Internal statistics:

num_allocs_failed_limit: 0.
num_arena_births: 140.
num_arena_deaths: 0.
num_vsnodes_births: 2.
num_vsnodes_deaths: 0.
num_space_committed: 209.
num_space_uncommitted: 0.
num_chunks_returned_to_freelist: 0.
num_chunks_taken_from_freelist: 226.
num_chunk_merges: 0.
num_chunk_splits: 111.
num_chunks_enlarged: 27.
num_inconsistent_stats: 0.

CodeHeap 'non-profiled nmethods': size=120000Kb used=417Kb max_used=417Kb free=119582Kb
 bounds [0x000001a18e240000, 0x000001a18e4b0000, 0x000001a195770000]
CodeHeap 'profiled nmethods': size=120000Kb used=1339Kb max_used=1339Kb free=118660Kb
 bounds [0x000001a186770000, 0x000001a1869e0000, 0x000001a18dca0000]
CodeHeap 'non-nmethods': size=5760Kb used=1691Kb max_used=1706Kb free=4068Kb
 bounds [0x000001a18dca0000, 0x000001a18df10000, 0x000001a18e240000]
 total_blobs=1578 nmethods=1003 adapters=486
 compilation: enabled
              stopped_count=0, restarted_count=0
 full_count=0

Compilation events (20 events):
Event: 6.327 Thread 0x000001a1a1c5e4e0  994       4       SimpleTurtle::forward (73 bytes)
Event: 6.339 Thread 0x000001a1a1c5e4e0 nmethod 994 0x000001a18e2a0d90 code [0x000001a18e2a0fe0, 0x000001a18e2a1ea8]
Event: 6.339 Thread 0x000001a1a1c5e4e0  995  s    4       SimpleTurtle::updateDisplay (180 bytes)
Event: 6.343 Thread 0x000001a1a1c5e4e0 nmethod 995 0x000001a18e2a2790 code [0x000001a18e2a2980, 0x000001a18e2a2f98]
Event: 6.349 Thread 0x000001a1a1c60c30  996       3       SimpleTurtle::forward (73 bytes)
Event: 6.350 Thread 0x000001a1a1c60c30 nmethod 996 0x000001a1868bb190 code [0x000001a1868bb380, 0x000001a1868bb748]
Event: 6.350 Thread 0x000001a1a1c60c30  997  s    3       SimpleTurtle::updateDisplay (180 bytes)
Event: 6.350 Thread 0x000001a1a1c60c30 nmethod 997 0x000001a1868bb910 code [0x000001a1868bbb80, 0x000001a1868bcb70]
Event: 6.351 Thread 0x000001a1a1c5e4e0  998       4       SimpleTurtle::forward (73 bytes)
Event: 6.363 Thread 0x000001a1a1c5e4e0 nmethod 998 0x000001a18e2a3590 code [0x000001a18e2a37e0, 0x000001a18e2a46b0]
Event: 6.363 Thread 0x000001a1a1c5e4e0  999  s    4       SimpleTurtle::updateDisplay (180 bytes)
Event: 6.366 Thread 0x000001a1a1c5e4e0 nmethod 999 0x000001a18e2a4f90 code [0x000001a18e2a5180, 0x000001a18e2a5790]
Event: 6.476 Thread 0x000001a1a1c60c30 1001  s    3       SimpleTurtle::updateDisplay (180 bytes)
Event: 6.477 Thread 0x000001a1a1c60c30 nmethod 1001 0x000001a1868bcf90 code [0x000001a1868bd200, 0x000001a1868be1f0]
Event: 6.477 Thread 0x000001a1a1c60c30 1000       3       SimpleTurtle::forward (73 bytes)
Event: 6.477 Thread 0x000001a1a1c60c30 nmethod 1000 0x000001a1868be610 code [0x000001a1868be800, 0x000001a1868bebc8]
Event: 6.478 Thread 0x000001a1a1c5e4e0 1003  s    4       SimpleTurtle::updateDisplay (180 bytes)
Event: 6.483 Thread 0x000001a1a1c5e4e0 nmethod 1003 0x000001a18e2a5d90 code [0x000001a18e2a5f80, 0x000001a18e2a65a0]
Event: 6.483 Thread 0x000001a1a1c5e4e0 1002       4       SimpleTurtle::forward (73 bytes)
Event: 6.496 Thread 0x000001a1a1c5e4e0 nmethod 1002 0x000001a18e2a6b90 code [0x000001a18e2a6de0, 0x000001a18e2a7c98]

GC Heap History (20 events):
Event: 2.441 GC heap after
{Heap after GC invocations=5 (full 0):
 garbage-first heap   total 258048K, used 18161K [0x0000000704000000, 0x0000000800000000)
  region size 2048K, 7 young (14336K), 7 survivors (14336K)
 Metaspace       used 13121K, committed 13312K, reserved 1114112K
  class space    used 1231K, committed 1344K, reserved 1048576K
}
Event: 2.975 GC heap before
{Heap before GC invocations=5 (full 0):
 garbage-first heap   total 258048K, used 157425K [0x0000000704000000, 0x0000000800000000)
  region size 2048K, 75 young (153600K), 7 survivors (14336K)
 Metaspace       used 13130K, committed 13312K, reserved 1114112K
  class space    used 1231K, committed 1344K, reserved 1048576K
}
Event: 2.982 GC heap after
{Heap after GC invocations=6 (full 0):
 garbage-first heap   total 258048K, used 18900K [0x0000000704000000, 0x0000000800000000)
  region size 2048K, 6 young (12288K), 6 survivors (12288K)
 Metaspace       used 13130K, committed 13312K, reserved 1114112K
  class space    used 1231K, committed 1344K, reserved 1048576K
}
Event: 3.479 GC heap before
{Heap before GC invocations=6 (full 0):
 garbage-first heap   total 258048K, used 162260K [0x0000000704000000, 0x0000000800000000)
  region size 2048K, 75 young (153600K), 6 survivors (12288K)
 Metaspace       used 13161K, committed 13376K, reserved 1114112K
  class space    used 1231K, committed 1344K, reserved 1048576K
}
Event: 3.485 GC heap after
{Heap after GC invocations=7 (full 0):
 garbage-first heap   total 311296K, used 20571K [0x0000000704000000, 0x0000000800000000)
  region size 2048K, 4 young (8192K), 4 survivors (8192K)
 Metaspace       used 13161K, committed 13376K, reserved 1114112K
  class space    used 1231K, committed 1344K, reserved 1048576K
}
Event: 4.150 GC heap before
{Heap before GC invocations=7 (full 0):
 garbage-first heap   total 311296K, used 198747K [0x0000000704000000, 0x0000000800000000)
  region size 2048K, 91 young (186368K), 4 survivors (8192K)
 Metaspace       used 13163K, committed 13376K, reserved 1114112K
  class space    used 1231K, committed 1344K, reserved 1048576K
}
Event: 4.156 GC heap after
{Heap after GC invocations=8 (full 0):
 garbage-first heap   total 311296K, used 22619K [0x0000000704000000, 0x0000000800000000)
  region size 2048K, 5 young (10240K), 5 survivors (10240K)
 Metaspace       used 13163K, committed 13376K, reserved 1114112K
  class space    used 1231K, committed 1344K, reserved 1048576K
}
Event: 4.738 GC heap before
{Heap before GC invocations=8 (full 0):
 garbage-first heap   total 311296K, used 198747K [0x0000000704000000, 0x0000000800000000)
  region size 2048K, 91 young (186368K), 5 survivors (10240K)
 Metaspace       used 13165K, committed 13376K, reserved 1114112K
  class space    used 1231K, committed 1344K, reserved 1048576K
}
Event: 4.745 GC heap after
{Heap after GC invocations=9 (full 0):
 garbage-first heap   total 311296K, used 23893K [0x0000000704000000, 0x0000000800000000)
  region size 2048K, 6 young (12288K), 6 survivors (12288K)
 Metaspace       used 13165K, committed 13376K, reserved 1114112K
  class space    used 1231K, committed 1344K, reserved 1048576K
}
Event: 5.315 GC heap before
{Heap before GC invocations=9 (full 0):
 garbage-first heap   total 311296K, used 197973K [0x0000000704000000, 0x0000000800000000)
  region size 2048K, 91 young (186368K), 6 survivors (12288K)
 Metaspace       used 13168K, committed 13376K, reserved 1114112K
  class space    used 1231K, committed 1344K, reserved 1048576K
}
Event: 5.323 GC heap after
{Heap after GC invocations=10 (full 0):
 garbage-first heap   total 311296K, used 24667K [0x0000000704000000, 0x0000000800000000)
  region size 2048K, 6 young (12288K), 6 survivors (12288K)
 Metaspace       used 13168K, committed 13376K, reserved 1114112K
  class space    used 1231K, committed 1344K, reserved 1048576K
}
Event: 5.924 GC heap before
{Heap before GC invocations=10 (full 0):
 garbage-first heap   total 311296K, used 198747K [0x0000000704000000, 0x0000000800000000)
  region size 2048K, 91 young (186368K), 6 survivors (12288K)
 Metaspace       used 13168K, committed 13376K, reserved 1114112K
  class space    used 1231K, committed 1344K, reserved 1048576K
}
Event: 5.932 GC heap after
{Heap after GC invocations=11 (full 0):
 garbage-first heap   total 311296K, used 25971K [0x0000000704000000, 0x0000000800000000)
  region size 2048K, 7 young (14336K), 7 survivors (14336K)
 Metaspace       used 13168K, committed 13376K, reserved 1114112K
  class space    used 1231K, committed 1344K, reserved 1048576K
}
Event: 6.767 GC heap before
{Heap before GC invocations=11 (full 0):
 garbage-first heap   total 311296K, used 232819K [0x0000000704000000, 0x0000000800000000)
  region size 2048K, 91 young (186368K), 7 survivors (14336K)
 Metaspace       used 13194K, committed 13376K, reserved 1114112K
  class space    used 1232K, committed 1344K, reserved 1048576K
}
Event: 6.860 GC heap after
{Heap after GC invocations=12 (full 0):
 garbage-first heap   total 358400K, used 172032K [0x0000000704000000, 0x0000000800000000)
  region size 2048K, 12 young (24576K), 12 survivors (24576K)
 Metaspace       used 13194K, committed 13376K, reserved 1114112K
  class space    used 1232K, committed 1344K, reserved 1048576K
}
Event: 6.978 GC heap before
{Heap before GC invocations=12 (full 0):
 garbage-first heap   total 358400K, used 194560K [0x0000000704000000, 0x0000000800000000)
  region size 2048K, 24 young (49152K), 12 survivors (24576K)
 Metaspace       used 13194K, committed 13376K, reserved 1114112K
  class space    used 1232K, committed 1344K, reserved 1048576K
}
Event: 7.009 GC heap after
{Heap after GC invocations=13 (full 0):
 garbage-first heap   total 358400K, used 200704K [0x0000000704000000, 0x0000000800000000)
  region size 2048K, 7 young (14336K), 7 survivors (14336K)
 Metaspace       used 13194K, committed 13376K, reserved 1114112K
  class space    used 1232K, committed 1344K, reserved 1048576K
}
Event: 7.319 GC heap before
{Heap before GC invocations=14 (full 0):
 garbage-first heap   total 358400K, used 249856K [0x0000000704000000, 0x0000000800000000)
  region size 2048K, 35 young (71680K), 7 survivors (14336K)
 Metaspace       used 13194K, committed 13376K, reserved 1114112K
  class space    used 1232K, committed 1344K, reserved 1048576K
}
Event: 7.357 GC heap after
{Heap after GC invocations=15 (full 0):
 garbage-first heap   total 358400K, used 253952K [0x0000000704000000, 0x0000000800000000)
  region size 2048K, 5 young (10240K), 5 survivors (10240K)
 Metaspace       used 13194K, committed 13376K, reserved 1114112K
  class space    used 1232K, committed 1344K, reserved 1048576K
}
Event: 7.509 GC heap before
{Heap before GC invocations=15 (full 0):
 garbage-first heap   total 358400K, used 311296K [0x0000000704000000, 0x0000000800000000)
  region size 2048K, 21 young (43008K), 5 survivors (10240K)
 Metaspace       used 13194K, committed 13376K, reserved 1114112K
  class space    used 1232K, committed 1344K, reserved 1048576K
}

Dll operation events (9 events):
Event: 0.009 Loaded shared library C:\Users\griff\.p2\pool\plugins\org.eclipse.justj.openjdk.hotspot.jre.full.win32.x86_64_20.0.2.v20230801-2057\jre\bin\java.dll
Event: 0.017 Loaded shared library C:\Users\griff\.p2\pool\plugins\org.eclipse.justj.openjdk.hotspot.jre.full.win32.x86_64_20.0.2.v20230801-2057\jre\bin\zip.dll
Event: 0.136 Loaded shared library C:\Users\griff\.p2\pool\plugins\org.eclipse.justj.openjdk.hotspot.jre.full.win32.x86_64_20.0.2.v20230801-2057\jre\bin\net.dll
Event: 0.139 Loaded shared library C:\Users\griff\.p2\pool\plugins\org.eclipse.justj.openjdk.hotspot.jre.full.win32.x86_64_20.0.2.v20230801-2057\jre\bin\nio.dll
Event: 0.146 Loaded shared library C:\Users\griff\.p2\pool\plugins\org.eclipse.justj.openjdk.hotspot.jre.full.win32.x86_64_20.0.2.v20230801-2057\jre\bin\zip.dll
Event: 0.178 Loaded shared library C:\Users\griff\.p2\pool\plugins\org.eclipse.justj.openjdk.hotspot.jre.full.win32.x86_64_20.0.2.v20230801-2057\jre\bin\jimage.dll
Event: 0.202 Loaded shared library C:\Users\griff\.p2\pool\plugins\org.eclipse.justj.openjdk.hotspot.jre.full.win32.x86_64_20.0.2.v20230801-2057\jre\bin\awt.dll
Event: 0.455 Loaded shared library C:\Users\griff\.p2\pool\plugins\org.eclipse.justj.openjdk.hotspot.jre.full.win32.x86_64_20.0.2.v20230801-2057\jre\bin\freetype.dll
Event: 0.457 Loaded shared library C:\Users\griff\.p2\pool\plugins\org.eclipse.justj.openjdk.hotspot.jre.full.win32.x86_64_20.0.2.v20230801-2057\jre\bin\fontmanager.dll

Deoptimization events (20 events):
Event: 6.325 Thread 0x000001a182de90c0 Uncommon trap: trap_request=0xffffff45 fr.pc=0x000001a18e29f6f0 relative=0x0000000000000b90
Event: 6.325 Thread 0x000001a182de90c0 Uncommon trap: reason=unstable_if action=reinterpret pc=0x000001a18e29f6f0 method=SimpleTurtle.updateDisplay()V @ 121 c2
Event: 6.326 Thread 0x000001a182de90c0 DEOPT PACKING pc=0x000001a18e29f6f0 sp=0x0000009a8e3ff110
Event: 6.326 Thread 0x000001a182de90c0 DEOPT UNPACKING pc=0x000001a18dcbd2a2 sp=0x0000009a8e3ff070 mode 2
Event: 6.349 Thread 0x000001a182de90c0 Uncommon trap: trap_request=0xffffff45 fr.pc=0x000001a18e2a1b7c relative=0x0000000000000b9c
Event: 6.349 Thread 0x000001a182de90c0 Uncommon trap: reason=unstable_if action=reinterpret pc=0x000001a18e2a1b7c method=SimpleTurtle.updateDisplay()V @ 152 c2
Event: 6.349 Thread 0x000001a182de90c0 DEOPT PACKING pc=0x000001a18e2a1b7c sp=0x0000009a8e3ff110
Event: 6.349 Thread 0x000001a182de90c0 DEOPT UNPACKING pc=0x000001a18dcbd2a2 sp=0x0000009a8e3ff070 mode 2
Event: 6.349 Thread 0x000001a182de90c0 Uncommon trap: trap_request=0xffffff45 fr.pc=0x000001a18e2a2d74 relative=0x00000000000003f4
Event: 6.349 Thread 0x000001a182de90c0 Uncommon trap: reason=unstable_if action=reinterpret pc=0x000001a18e2a2d74 method=SimpleTurtle.updateDisplay()V @ 152 c2
Event: 6.349 Thread 0x000001a182de90c0 DEOPT PACKING pc=0x000001a18e2a2d74 sp=0x0000009a8e3ff0a0
Event: 6.349 Thread 0x000001a182de90c0 DEOPT UNPACKING pc=0x000001a18dcbd2a2 sp=0x0000009a8e3ff070 mode 2
Event: 6.475 Thread 0x000001a182de90c0 Uncommon trap: trap_request=0xffffff45 fr.pc=0x000001a18e2a4378 relative=0x0000000000000b98
Event: 6.475 Thread 0x000001a182de90c0 Uncommon trap: reason=unstable_if action=reinterpret pc=0x000001a18e2a4378 method=SimpleTurtle.updateDisplay()V @ 4 c2
Event: 6.475 Thread 0x000001a182de90c0 DEOPT PACKING pc=0x000001a18e2a4378 sp=0x0000009a8e3ff110
Event: 6.475 Thread 0x000001a182de90c0 DEOPT UNPACKING pc=0x000001a18dcbd2a2 sp=0x0000009a8e3ff078 mode 2
Event: 6.476 Thread 0x000001a182de90c0 Uncommon trap: trap_request=0xffffff45 fr.pc=0x000001a18e2a555c relative=0x00000000000003dc
Event: 6.476 Thread 0x000001a182de90c0 Uncommon trap: reason=unstable_if action=reinterpret pc=0x000001a18e2a555c method=SimpleTurtle.updateDisplay()V @ 4 c2
Event: 6.476 Thread 0x000001a182de90c0 DEOPT PACKING pc=0x000001a18e2a555c sp=0x0000009a8e3ff0a0
Event: 6.476 Thread 0x000001a182de90c0 DEOPT UNPACKING pc=0x000001a18dcbd2a2 sp=0x0000009a8e3ff078 mode 2

Classes loaded (20 events):
Event: 0.592 Loading class java/text/CharacterIterator
Event: 0.592 Loading class java/text/CharacterIterator done
Event: 0.593 Loading class java/text/AttributedCharacterIterator done
Event: 0.593 Loading class java/text/AttributedString$AttributedStringIterator done
Event: 0.593 Loading class java/awt/TextComponent
Event: 0.594 Loading class java/awt/TextComponent done
Event: 0.594 Loading class javax/swing/text/JTextComponent
Event: 0.595 Loading class javax/swing/Scrollable
Event: 0.595 Loading class javax/swing/Scrollable done
Event: 0.596 Loading class javax/swing/text/JTextComponent done
Event: 2.313 Loading class java/awt/event/MouseEvent$1
Event: 2.313 Loading class sun/awt/AWTAccessor$MouseEventAccessor
Event: 2.313 Loading class sun/awt/AWTAccessor$MouseEventAccessor done
Event: 2.313 Loading class java/awt/event/MouseEvent$1 done
Event: 2.369 Loading class java/awt/event/MouseWheelEvent
Event: 2.369 Loading class java/awt/event/MouseWheelEvent done
Event: 6.163 Loading class java/awt/KeyboardFocusManager$2
Event: 6.163 Loading class java/awt/KeyboardFocusManager$2 done
Event: 6.163 Loading class sun/awt/SunToolkit$1
Event: 6.163 Loading class sun/awt/SunToolkit$1 done

Classes unloaded (0 events):
No events

Classes redefined (0 events):
No events

Internal exceptions (11 events):
Event: 0.192 Thread 0x000001a182de90c0 Exception <a 'java/lang/ClassNotFoundException'{0x000000071388afd0}: sun/awt/resources/spi/awtProvider> (0x000000071388afd0) 
thrown [s\src\hotspot\share\classfile\systemDictionary.cpp, line 305]
Event: 0.216 Thread 0x000001a182de90c0 Exception <a 'java/io/FileNotFoundException'{0x00000007138e8fd8}> (0x00000007138e8fd8) 
thrown [s\src\hotspot\share\prims\jni.cpp, line 519]
Event: 0.225 Thread 0x000001a182de90c0 Exception <a 'java/io/FileNotFoundException'{0x0000000713913050}> (0x0000000713913050) 
thrown [s\src\hotspot\share\prims\jni.cpp, line 519]
Event: 0.312 Thread 0x000001a182de90c0 Exception <a 'java/lang/NoSuchMethodError'{0x00000007139bfda8}: 'void java.lang.invoke.DirectMethodHandle$Holder.invokeSpecial(java.lang.Object, java.lang.Object, java.lang.Object)'> (0x00000007139bfda8) 
thrown [s\src\hotspot\share\interpreter\linkResolver.cpp, line 773]
Event: 0.319 Thread 0x000001a182de90c0 Exception <a 'java/lang/NoSuchMethodError'{0x0000000713698ec8}: 'java.lang.Object java.lang.invoke.DirectMethodHandle$Holder.newInvokeSpecial(java.lang.Object, java.lang.Object, java.lang.Object, java.lang.Object, java.lang.Object)'> (0x0000000713698ec8) 
thrown [s\src\hotspot\share\interpreter\linkResolver.cpp, line 773]
Event: 0.325 Thread 0x000001a182de90c0 Exception <a 'java/lang/NoSuchMethodError'{0x00000007136c9770}: 'java.lang.Object java.lang.invoke.DirectMethodHandle$Holder.invokeStatic(java.lang.Object, int, java.lang.Object)'> (0x00000007136c9770) 
thrown [s\src\hotspot\share\interpreter\linkResolver.cpp, line 773]
Event: 0.357 Thread 0x000001a182de90c0 Exception <a 'java/lang/ClassNotFoundException'{0x0000000713784c08}: com/sun/swing/internal/plaf/metal/resources/spi/metalProvider> (0x0000000713784c08) 
thrown [s\src\hotspot\share\classfile\systemDictionary.cpp, line 305]
Event: 0.358 Thread 0x000001a182de90c0 Exception <a 'java/lang/ClassNotFoundException'{0x0000000713788b98}: com/sun/swing/internal/plaf/basic/resources/spi/basicProvider> (0x0000000713788b98) 
thrown [s\src\hotspot\share\classfile\systemDictionary.cpp, line 305]
Event: 0.366 Thread 0x000001a182de90c0 Exception <a 'java/lang/NoSuchMethodError'{0x00000007137a8520}: 'int java.lang.invoke.Invokers$Holder.invokeExact_MT(java.lang.Object, java.lang.Object)'> (0x00000007137a8520) 
thrown [s\src\hotspot\share\interpreter\linkResolver.cpp, line 773]
Event: 0.420 Thread 0x000001a1a225baa0 Exception <a 'java/lang/NoSuchMethodError'{0x000000071360f688}: 'void java.lang.invoke.DirectMethodHandle$Holder.invokeVirtual(java.lang.Object, java.lang.Object)'> (0x000000071360f688) 
thrown [s\src\hotspot\share\interpreter\linkResolver.cpp, line 773]
Event: 0.448 Thread 0x000001a182de90c0 Exception <a 'java/lang/NoSuchMethodError'{0x0000000712905088}: 'void java.lang.invoke.DirectMethodHandle$Holder.invokeStaticInit(java.lang.Object)'> (0x0000000712905088) 
thrown [s\src\hotspot\share\interpreter\linkResolver.cpp, line 773]

VM Operations (20 events):
Event: 3.485 Executing VM operation: G1CollectForAllocation done
Event: 4.149 Executing VM operation: G1CollectForAllocation
Event: 4.156 Executing VM operation: G1CollectForAllocation done
Event: 4.738 Executing VM operation: G1CollectForAllocation
Event: 4.745 Executing VM operation: G1CollectForAllocation done
Event: 5.315 Executing VM operation: G1CollectForAllocation
Event: 5.323 Executing VM operation: G1CollectForAllocation done
Event: 5.923 Executing VM operation: G1CollectForAllocation
Event: 5.932 Executing VM operation: G1CollectForAllocation done
Event: 6.767 Executing VM operation: G1CollectForAllocation
Event: 6.860 Executing VM operation: G1CollectForAllocation done
Event: 6.977 Executing VM operation: G1TryInitiateConcMark
Event: 7.009 Executing VM operation: G1TryInitiateConcMark done
Event: 7.109 Executing VM operation: G1PauseRemark
Event: 7.110 Executing VM operation: G1PauseRemark done
Event: 7.153 Executing VM operation: G1PauseCleanup
Event: 7.154 Executing VM operation: G1PauseCleanup done
Event: 7.318 Executing VM operation: G1CollectForAllocation
Event: 7.357 Executing VM operation: G1CollectForAllocation done
Event: 7.508 Executing VM operation: G1CollectForAllocation

Events (15 events):
Event: 0.050 Thread 0x000001a182de90c0 Thread added: 0x000001a182de90c0
Event: 0.083 Thread 0x000001a1a1c25740 Thread added: 0x000001a1a1c25740
Event: 0.083 Thread 0x000001a1a1c2a640 Thread added: 0x000001a1a1c2a640
Event: 0.084 Thread 0x000001a1a1c735b0 Thread added: 0x000001a1a1c735b0
Event: 0.084 Thread 0x000001a1a1c750f0 Thread added: 0x000001a1a1c750f0
Event: 0.084 Thread 0x000001a1a1c75f30 Thread added: 0x000001a1a1c75f30
Event: 0.085 Thread 0x000001a1a1c5d650 Thread added: 0x000001a1a1c5d650
Event: 0.085 Thread 0x000001a1a1c5e4e0 Thread added: 0x000001a1a1c5e4e0
Event: 0.085 Thread 0x000001a1a1c60c30 Thread added: 0x000001a1a1c60c30
Event: 0.116 Thread 0x000001a19db5bf00 Thread added: 0x000001a19db5bf00
Event: 0.124 Thread 0x000001a1a1dfc940 Thread added: 0x000001a1a1dfc940
Event: 0.280 Thread 0x000001a1a1f42bc0 Thread added: 0x000001a1a1f42bc0
Event: 0.281 Thread 0x000001a1a1f43110 Thread added: 0x000001a1a1f43110
Event: 0.282 Thread 0x000001a1a225baa0 Thread added: 0x000001a1a225baa0
Event: 0.424 Thread 0x000001a1a2314c20 Thread added: 0x000001a1a2314c20


Dynamic libraries:
0x00007ff766ff0000 - 0x00007ff766ffe000 	C:\Users\griff\.p2\pool\plugins\org.eclipse.justj.openjdk.hotspot.jre.full.win32.x86_64_20.0.2.v20230801-2057\jre\bin\javaw.exe
0x00007fff86dd0000 - 0x00007fff86fe7000 	C:\windows\SYSTEM32\ntdll.dll
0x00007fff855b0000 - 0x00007fff85674000 	C:\windows\System32\KERNEL32.DLL
0x00007fff84150000 - 0x00007fff844f6000 	C:\windows\System32\KERNELBASE.dll
0x00007fff84a10000 - 0x00007fff84b21000 	C:\windows\System32\ucrtbase.dll
0x00007fff68b30000 - 0x00007fff68b47000 	C:\Users\griff\.p2\pool\plugins\org.eclipse.justj.openjdk.hotspot.jre.full.win32.x86_64_20.0.2.v20230801-2057\jre\bin\jli.dll
0x00007fff85780000 - 0x00007fff8592d000 	C:\windows\System32\USER32.dll
0x00007fff65450000 - 0x00007fff6546b000 	C:\Users\griff\.p2\pool\plugins\org.eclipse.justj.openjdk.hotspot.jre.full.win32.x86_64_20.0.2.v20230801-2057\jre\bin\VCRUNTIME140.dll
0x00007fff84970000 - 0x00007fff84996000 	C:\windows\System32\win32u.dll
0x00007fff6c140000 - 0x00007fff6c3d3000 	C:\windows\WinSxS\amd64_microsoft.windows.common-controls_6595b64144ccf1df_6.0.22621.2361_none_2712ced57382f843\COMCTL32.dll
0x00007fff85490000 - 0x00007fff854b9000 	C:\windows\System32\GDI32.dll
0x00007fff863f0000 - 0x00007fff86497000 	C:\windows\System32\msvcrt.dll
0x00007fff84500000 - 0x00007fff84618000 	C:\windows\System32\gdi32full.dll
0x00007fff848d0000 - 0x00007fff8496a000 	C:\windows\System32\msvcp_win.dll
0x00007fff863b0000 - 0x00007fff863e1000 	C:\windows\System32\IMM32.DLL
0x00007fff68b20000 - 0x00007fff68b2c000 	C:\Users\griff\.p2\pool\plugins\org.eclipse.justj.openjdk.hotspot.jre.full.win32.x86_64_20.0.2.v20230801-2057\jre\bin\vcruntime140_1.dll
0x00007fff35240000 - 0x00007fff352cd000 	C:\Users\griff\.p2\pool\plugins\org.eclipse.justj.openjdk.hotspot.jre.full.win32.x86_64_20.0.2.v20230801-2057\jre\bin\msvcp140.dll
0x00007fff26d50000 - 0x00007fff27a5f000 	C:\Users\griff\.p2\pool\plugins\org.eclipse.justj.openjdk.hotspot.jre.full.win32.x86_64_20.0.2.v20230801-2057\jre\bin\server\jvm.dll
0x00007fff86730000 - 0x00007fff867e0000 	C:\windows\System32\ADVAPI32.dll
0x00007fff86140000 - 0x00007fff861e6000 	C:\windows\System32\sechost.dll
0x00007fff85db0000 - 0x00007fff85ec7000 	C:\windows\System32\RPCRT4.dll
0x00007fff7aa30000 - 0x00007fff7aa64000 	C:\windows\SYSTEM32\WINMM.dll
0x00007fff50570000 - 0x00007fff50579000 	C:\windows\SYSTEM32\WSOCK32.dll
0x00007fff7a890000 - 0x00007fff7a89a000 	C:\windows\SYSTEM32\VERSION.dll
0x00007fff86980000 - 0x00007fff869f1000 	C:\windows\System32\WS2_32.dll
0x00007fff830f0000 - 0x00007fff83108000 	C:\windows\SYSTEM32\kernel.appcore.dll
0x00007fff7e610000 - 0x00007fff7e61a000 	C:\Users\griff\.p2\pool\plugins\org.eclipse.justj.openjdk.hotspot.jre.full.win32.x86_64_20.0.2.v20230801-2057\jre\bin\jimage.dll
0x00007fff819f0000 - 0x00007fff81c1e000 	C:\windows\SYSTEM32\DBGHELP.DLL
0x00007fff86a00000 - 0x00007fff86d8a000 	C:\windows\System32\combase.dll
0x00007fff862d0000 - 0x00007fff863a7000 	C:\windows\System32\OLEAUT32.dll
0x00007fff629e0000 - 0x00007fff62a12000 	C:\windows\SYSTEM32\dbgcore.DLL
0x00007fff84620000 - 0x00007fff8469a000 	C:\windows\System32\bcryptPrimitives.dll
0x00007fff2bba0000 - 0x00007fff2bbc6000 	C:\Users\griff\.p2\pool\plugins\org.eclipse.justj.openjdk.hotspot.jre.full.win32.x86_64_20.0.2.v20230801-2057\jre\bin\java.dll
0x00007fff7e5f0000 - 0x00007fff7e608000 	C:\Users\griff\.p2\pool\plugins\org.eclipse.justj.openjdk.hotspot.jre.full.win32.x86_64_20.0.2.v20230801-2057\jre\bin\zip.dll
0x00007fff84c30000 - 0x00007fff85488000 	C:\windows\System32\SHELL32.dll
0x00007fff82060000 - 0x00007fff82952000 	C:\windows\SYSTEM32\windows.storage.dll
0x00007fff81f20000 - 0x00007fff8205e000 	C:\windows\SYSTEM32\wintypes.dll
0x00007fff85680000 - 0x00007fff85773000 	C:\windows\System32\SHCORE.dll
0x00007fff85550000 - 0x00007fff855ae000 	C:\windows\System32\shlwapi.dll
0x00007fff84080000 - 0x00007fff840a6000 	C:\windows\SYSTEM32\profapi.dll
0x00007fff2bb80000 - 0x00007fff2bb93000 	C:\Users\griff\.p2\pool\plugins\org.eclipse.justj.openjdk.hotspot.jre.full.win32.x86_64_20.0.2.v20230801-2057\jre\bin\net.dll
0x00007fff7e3e0000 - 0x00007fff7e517000 	C:\windows\SYSTEM32\WINHTTP.dll
0x00007fff835c0000 - 0x00007fff83629000 	C:\windows\system32\mswsock.dll
0x00007fff2bb60000 - 0x00007fff2bb76000 	C:\Users\griff\.p2\pool\plugins\org.eclipse.justj.openjdk.hotspot.jre.full.win32.x86_64_20.0.2.v20230801-2057\jre\bin\nio.dll
0x00007fff2ca70000 - 0x00007fff2cc00000 	C:\Users\griff\.p2\pool\plugins\org.eclipse.justj.openjdk.hotspot.jre.full.win32.x86_64_20.0.2.v20230801-2057\jre\bin\awt.dll
0x00007fff80fd0000 - 0x00007fff81067000 	C:\windows\SYSTEM32\apphelp.dll
0x00007fff813d0000 - 0x00007fff813fb000 	C:\windows\system32\DWMAPI.DLL
0x00007fff81160000 - 0x00007fff8120b000 	C:\windows\system32\uxtheme.dll
0x00007fff3ab60000 - 0x00007fff3ac60000 	C:\windows\system32\opengl32.dll
0x00007fff3ab30000 - 0x00007fff3ab5d000 	C:\windows\SYSTEM32\GLU32.dll
0x00007fff81270000 - 0x00007fff812a6000 	C:\windows\SYSTEM32\dxcore.dll
0x00007fff865e0000 - 0x00007fff8672c000 	C:\windows\System32\MSCTF.dll
0x00007fff867e0000 - 0x00007fff8697f000 	C:\windows\System32\ole32.dll
0x00007fff351b0000 - 0x00007fff35236000 	C:\Users\griff\.p2\pool\plugins\org.eclipse.justj.openjdk.hotspot.jre.full.win32.x86_64_20.0.2.v20230801-2057\jre\bin\freetype.dll
0x00007fff2aaf0000 - 0x00007fff2abc3000 	C:\Users\griff\.p2\pool\plugins\org.eclipse.justj.openjdk.hotspot.jre.full.win32.x86_64_20.0.2.v20230801-2057\jre\bin\fontmanager.dll
0x00007fff6c530000 - 0x00007fff6c67a000 	C:\windows\SYSTEM32\textinputframework.dll
0x00007fff80b50000 - 0x00007fff80c83000 	C:\windows\SYSTEM32\CoreMessaging.dll
0x00007fff7d9a0000 - 0x00007fff7dd0c000 	C:\windows\SYSTEM32\CoreUIComponents.dll
0x00007fff838c0000 - 0x00007fff838cc000 	C:\windows\SYSTEM32\CRYPTBASE.DLL

dbghelp: loaded successfully - version: 4.0.5 - missing functions: none
symbol engine: initialized successfully - sym options: 0x614 - pdb path: .;C:\Users\griff\.p2\pool\plugins\org.eclipse.justj.openjdk.hotspot.jre.full.win32.x86_64_20.0.2.v20230801-2057\jre\bin;C:\windows\SYSTEM32;C:\windows\WinSxS\amd64_microsoft.windows.common-controls_6595b64144ccf1df_6.0.22621.2361_none_2712ced57382f843;C:\Users\griff\.p2\pool\plugins\org.eclipse.justj.openjdk.hotspot.jre.full.win32.x86_64_20.0.2.v20230801-2057\jre\bin\server

VM Arguments:
jvm_args: -Dfile.encoding=windows-1252 -Dstdout.encoding=windows-1252 -Dstderr.encoding=windows-1252 -XX:+ShowCodeDetailsInExceptionMessages 
java_command: TurtleDrawShapes
java_class_path (initial): C:\Users\griff\dev\2\apcsa\Lesson 4.2(3)\bin;C:\Users\griff\Downloads\Turtle.jar
Launcher Type: SUN_STANDARD

[Global flags]
     intx CICompilerCount                          = 4                                         {product} {ergonomic}
     uint ConcGCThreads                            = 2                                         {product} {ergonomic}
     uint G1ConcRefinementThreads                  = 8                                         {product} {ergonomic}
   size_t G1HeapRegionSize                         = 2097152                                   {product} {ergonomic}
    uintx GCDrainStackTargetSize                   = 64                                        {product} {ergonomic}
   size_t InitialHeapSize                          = 264241152                                 {product} {ergonomic}
   size_t MarkStackSize                            = 4194304                                   {product} {ergonomic}
   size_t MaxHeapSize                              = 4227858432                                {product} {ergonomic}
   size_t MaxNewSize                               = 2535456768                                {product} {ergonomic}
   size_t MinHeapDeltaBytes                        = 2097152                                   {product} {ergonomic}
   size_t MinHeapSize                              = 8388608                                   {product} {ergonomic}
    uintx NonNMethodCodeHeapSize                   = 5839372                                {pd product} {ergonomic}
    uintx NonProfiledCodeHeapSize                  = 122909434                              {pd product} {ergonomic}
    uintx ProfiledCodeHeapSize                     = 122909434                              {pd product} {ergonomic}
    uintx ReservedCodeCacheSize                    = 251658240                              {pd product} {ergonomic}
     bool SegmentedCodeCache                       = true                                      {product} {ergonomic}
     bool ShowCodeDetailsInExceptionMessages       = true                                   {manageable} {command line}
   size_t SoftMaxHeapSize                          = 4227858432                             {manageable} {ergonomic}
     bool UseCompressedClassPointers               = true                           {product lp64_product} {ergonomic}
     bool UseCompressedOops                        = true                           {product lp64_product} {ergonomic}
     bool UseG1GC                                  = true                                      {product} {ergonomic}
     bool UseLargePagesIndividualAllocation        = false                                  {pd product} {ergonomic}

Logging:
Log output configuration:
 #0: stdout all=warning uptime,level,tags foldmultilines=false
 #1: stderr all=off uptime,level,tags foldmultilines=false

Environment Variables:
PATH=C:/Users/griff/.p2/pool/plugins/org.eclipse.justj.openjdk.hotspot.jre.full.win32.x86_64_20.0.2.v20230801-2057/jre/bin/server;C:/Users/griff/.p2/pool/plugins/org.eclipse.justj.openjdk.hotspot.jre.full.win32.x86_64_20.0.2.v20230801-2057/jre/bin;C:\windows\system32;C:\windows;C:\windows\System32\Wbem;C:\windows\System32\WindowsPowerShell\v1.0\;C:\windows\System32\OpenSSH\;C:\Program Files\dotnet\;C:\Program Files\Microsoft VS Code\bin;C:\Program Files\Microsoft SQL Server\150\Tools\Binn\;C:\Program Files\Microsoft SQL Server\Client SDK\ODBC\170\Tools\Binn\;C:\Program Files\nodejs\;C:\Program Files\Git\cmd;C:\Program Files\Java\jdk-20.0.2\bin;C:\Program Files\Cloudflare\Cloudflare WARP\;C:\Users\griff\AppData\Local\Programs\Python\Python311\Scripts\;C:\Users\griff\AppData\Local\Programs\Python\Python311\;C:\Users\griff\AppData\Local\Microsoft\WindowsApps;C:\Users\griff\.dotnet\tools;C:\Users\griff\AppData\Roaming\npm;C:\Users\griff\AppData\Local\Microsoft\WinGet\Links;C:\Program Files\Java\jdk-20.0.2\bin;;C:\Users\griff\eclipse\java-2023-03\eclipse;
USERNAME=griffin
OS=Windows_NT
PROCESSOR_IDENTIFIER=Intel64 Family 6 Model 140 Stepping 1, GenuineIntel
TMP=C:\Users\griff\AppData\Local\Temp
TEMP=C:\Users\griff\AppData\Local\Temp




---------------  S Y S T E M  ---------------

OS:
 Windows 11 , 64 bit Build 22621 (10.0.22621.2428)
OS uptime: 0 days 1:14 hours
Hyper-V role detected

CPU: total 8 (initial active 8) (4 cores per cpu, 2 threads per core) family 6 model 140 stepping 1 microcode 0xac, cx8, cmov, fxsr, ht, mmx, 3dnowpref, sse, sse2, sse3, ssse3, sse4.1, sse4.2, popcnt, lzcnt, tsc, tscinvbit, avx, avx2, aes, erms, clmul, bmi1, bmi2, adx, avx512f, avx512dq, avx512cd, avx512bw, avx512vl, sha, fma, vzeroupper, avx512_vpopcntdq, avx512_vpclmulqdq, avx512_vaes, avx512_vnni, clflush, clflushopt, clwb, avx512_vbmi2, avx512_vbmi, hv, rdtscp, rdpid, fsrm, gfni, avx512_bitalg, f16c, cet_ibt, cet_ss, avx512_ifma

Memory: 4k page, system-wide physical 16126M (96M free)
TotalPageFile size 42501M (AvailPageFile size 199M)
current process WorkingSet (physical memory assigned to process): 410M, peak: 410M
current process commit charge ("private bytes"): 447M, peak: 745M

vm_info: OpenJDK 64-Bit Server VM (20.0.2+9) for windows-amd64 JRE (20.0.2+9), built on 2023-07-18T00:00:00Z by "admin" with MS VC++ 16.10 / 16.11 (VS2019)

END.
